Unit	Steady(Kelvin)
P_0_0	369.56
P_0_1	365.32
P_0_2	368.89
P_0_3	368.69
P_0_4	370.21
P_0_5	369.71
P_0_6	369.53
P_0_7	368.25
P_0_8	365.78
P_0_9	364.19
P_1_0	363.76
P_1_1	366.09
P_1_2	368.33
P_1_3	369.90
P_1_4	371.04
P_1_5	371.33
P_1_6	371.05
P_1_7	369.22
P_1_8	366.86
P_1_9	364.92
P_2_0	364.44
P_2_1	366.89
P_2_2	369.26
P_2_3	372.57
P_2_4	372.37
P_2_5	372.50
P_2_6	372.15
P_2_7	369.31
P_2_8	367.58
P_2_9	365.41
P_3_0	366.89
P_3_1	369.97
P_3_2	369.94
P_3_3	372.11
P_3_4	373.13
P_3_5	373.30
P_3_6	372.87
P_3_7	369.86
P_3_8	368.05
P_3_9	365.72
P_4_0	366.44
P_4_1	367.74
P_4_2	370.24
P_4_3	374.01
P_4_4	373.53
P_4_5	373.76
P_4_6	373.22
P_4_7	370.16
P_4_8	368.28
P_4_9	365.87
P_5_0	364.87
P_5_1	367.52
P_5_2	370.25
P_5_3	374.68
P_5_4	373.68
P_5_5	375.86
P_5_6	372.97
P_5_7	370.15
P_5_8	368.28
P_5_9	365.87
P_6_0	364.61
P_6_1	367.69
P_6_2	369.91
P_6_3	372.56
P_6_4	373.26
P_6_5	374.46
P_6_6	372.77
P_6_7	369.86
P_6_8	368.05
P_6_9	365.72
P_7_0	364.43
P_7_1	367.22
P_7_2	369.46
P_7_3	371.82
P_7_4	373.09
P_7_5	373.04
P_7_6	372.05
P_7_7	369.24
P_7_8	367.56
P_7_9	365.41
P_8_0	365.62
P_8_1	366.64
P_8_2	370.98
P_8_3	370.85
P_8_4	371.38
P_8_5	371.81
P_8_6	372.80
P_8_7	368.32
P_8_8	366.79
P_8_9	364.90
P_9_0	363.83
P_9_1	365.53
P_9_2	368.61
P_9_3	370.52
P_9_4	369.70
P_9_5	370.01
P_9_6	368.95
P_9_7	366.85
P_9_8	365.69
P_9_9	364.17
iface_P_0_0	367.16
iface_P_0_1	364.05
iface_P_0_2	367.12
iface_P_0_3	367.10
iface_P_0_4	368.40
iface_P_0_5	368.00
iface_P_0_6	367.79
iface_P_0_7	366.61
iface_P_0_8	364.41
iface_P_0_9	362.82
iface_P_1_0	362.65
iface_P_1_1	364.88
iface_P_1_2	366.96
iface_P_1_3	368.41
iface_P_1_4	369.42
iface_P_1_5	369.66
iface_P_1_6	369.35
iface_P_1_7	367.68
iface_P_1_8	365.50
iface_P_1_9	363.55
iface_P_2_0	363.27
iface_P_2_1	365.67
iface_P_2_2	367.89
iface_P_2_3	370.77
iface_P_2_4	370.73
iface_P_2_5	370.84
iface_P_2_6	370.45
iface_P_2_7	367.94
iface_P_2_8	366.23
iface_P_2_9	364.05
iface_P_3_0	365.30
iface_P_3_1	368.24
iface_P_3_2	368.57
iface_P_3_3	370.56
iface_P_3_4	371.50
iface_P_3_5	371.64
iface_P_3_6	371.17
iface_P_3_7	368.50
iface_P_3_8	366.70
iface_P_3_9	364.35
iface_P_4_0	364.96
iface_P_4_1	366.50
iface_P_4_2	368.87
iface_P_4_3	372.16
iface_P_4_4	371.90
iface_P_4_5	372.10
iface_P_4_6	371.53
iface_P_4_7	368.80
iface_P_4_8	366.93
iface_P_4_9	364.50
iface_P_5_0	363.69
iface_P_5_1	366.31
iface_P_5_2	368.88
iface_P_5_3	372.70
iface_P_5_4	372.04
iface_P_5_5	373.78
iface_P_5_6	371.33
iface_P_5_7	368.79
iface_P_5_8	366.93
iface_P_5_9	364.50
iface_P_6_0	363.44
iface_P_6_1	366.40
iface_P_6_2	368.55
iface_P_6_3	370.94
iface_P_6_4	371.62
iface_P_6_5	372.59
iface_P_6_6	371.10
iface_P_6_7	368.50
iface_P_6_8	366.69
iface_P_6_9	364.35
iface_P_7_0	363.25
iface_P_7_1	365.93
iface_P_7_2	368.08
iface_P_7_3	370.20
iface_P_7_4	371.33
iface_P_7_5	371.30
iface_P_7_6	370.39
iface_P_7_7	367.88
iface_P_7_8	366.21
iface_P_7_9	364.04
iface_P_8_0	364.11
iface_P_8_1	365.33
iface_P_8_2	369.11
iface_P_8_3	369.21
iface_P_8_4	369.72
iface_P_8_5	370.07
iface_P_8_6	370.76
iface_P_8_7	366.95
iface_P_8_8	365.44
iface_P_8_9	363.54
iface_P_9_0	362.53
iface_P_9_1	364.21
iface_P_9_2	366.92
iface_P_9_3	368.60
iface_P_9_4	368.01
iface_P_9_5	368.26
iface_P_9_6	367.33
iface_P_9_7	365.48
iface_P_9_8	364.33
iface_P_9_9	362.80
hsp_P_0_0	359.15
hsp_P_0_1	359.85
hsp_P_0_2	361.21
hsp_P_0_3	361.82
hsp_P_0_4	362.36
hsp_P_0_5	362.32
hsp_P_0_6	362.00
hsp_P_0_7	361.16
hsp_P_0_8	359.83
hsp_P_0_9	358.24
hsp_P_1_0	358.97
hsp_P_1_1	360.84
hsp_P_1_2	362.38
hsp_P_1_3	363.44
hsp_P_1_4	364.03
hsp_P_1_5	364.09
hsp_P_1_6	363.67
hsp_P_1_7	362.55
hsp_P_1_8	360.98
hsp_P_1_9	359.00
hsp_P_2_0	359.38
hsp_P_2_1	361.64
hsp_P_2_2	363.34
hsp_P_2_3	364.78
hsp_P_2_4	365.27
hsp_P_2_5	365.30
hsp_P_2_6	364.78
hsp_P_2_7	363.38
hsp_P_2_8	361.72
hsp_P_2_9	359.49
hsp_P_3_0	360.00
hsp_P_3_1	362.47
hsp_P_3_2	364.00
hsp_P_3_3	365.41
hsp_P_3_4	366.05
hsp_P_3_5	366.10
hsp_P_3_6	365.51
hsp_P_3_7	363.97
hsp_P_3_8	362.20
hsp_P_3_9	359.79
hsp_P_4_0	360.03
hsp_P_4_1	362.38
hsp_P_4_2	364.30
hsp_P_4_3	366.00
hsp_P_4_4	366.48
hsp_P_4_5	366.56
hsp_P_4_6	365.87
hsp_P_4_7	364.26
hsp_P_4_8	362.43
hsp_P_4_9	359.94
hsp_P_5_0	359.75
hsp_P_5_1	362.27
hsp_P_5_2	364.30
hsp_P_5_3	366.11
hsp_P_5_4	366.56
hsp_P_5_5	366.87
hsp_P_5_6	365.87
hsp_P_5_7	364.26
hsp_P_5_8	362.42
hsp_P_5_9	359.94
hsp_P_6_0	359.54
hsp_P_6_1	362.08
hsp_P_6_2	363.99
hsp_P_6_3	365.53
hsp_P_6_4	366.17
hsp_P_6_5	366.39
hsp_P_6_6	365.54
hsp_P_6_7	363.97
hsp_P_6_8	362.19
hsp_P_6_9	359.79
hsp_P_7_0	359.30
hsp_P_7_1	361.64
hsp_P_7_2	363.47
hsp_P_7_3	364.79
hsp_P_7_4	365.47
hsp_P_7_5	365.51
hsp_P_7_6	364.85
hsp_P_7_7	363.35
hsp_P_7_8	361.71
hsp_P_7_9	359.48
hsp_P_8_0	359.06
hsp_P_8_1	360.97
hsp_P_8_2	362.86
hsp_P_8_3	363.74
hsp_P_8_4	364.19
hsp_P_8_5	364.27
hsp_P_8_6	363.93
hsp_P_8_7	362.39
hsp_P_8_8	360.94
hsp_P_8_9	358.99
hsp_P_9_0	358.19
hsp_P_9_1	359.81
hsp_P_9_2	361.31
hsp_P_9_3	362.21
hsp_P_9_4	362.39
hsp_P_9_5	362.42
hsp_P_9_6	361.94
hsp_P_9_7	360.89
hsp_P_9_8	359.77
hsp_P_9_9	358.23
hsink_P_0_0	356.70
hsink_P_0_1	358.00
hsink_P_0_2	359.02
hsink_P_0_3	359.67
hsink_P_0_4	360.03
hsink_P_0_5	360.04
hsink_P_0_6	359.71
hsink_P_0_7	359.02
hsink_P_0_8	357.98
hsink_P_0_9	356.56
hsink_P_1_0	357.25
hsink_P_1_1	359.00
hsink_P_1_2	360.31
hsink_P_1_3	361.20
hsink_P_1_4	361.65
hsink_P_1_5	361.67
hsink_P_1_6	361.25
hsink_P_1_7	360.34
hsink_P_1_8	359.00
hsink_P_1_9	357.20
hsink_P_2_0	357.69
hsink_P_2_1	359.74
hsink_P_2_2	361.26
hsink_P_2_3	362.33
hsink_P_2_4	362.85
hsink_P_2_5	362.86
hsink_P_2_6	362.35
hsink_P_2_7	361.28
hsink_P_2_8	359.74
hsink_P_2_9	357.67
hsink_P_3_0	358.00
hsink_P_3_1	360.24
hsink_P_3_2	361.89
hsink_P_3_3	363.06
hsink_P_3_4	363.63
hsink_P_3_5	363.64
hsink_P_3_6	363.07
hsink_P_3_7	361.88
hsink_P_3_8	360.21
hsink_P_3_9	357.97
hsink_P_4_0	358.13
hsink_P_4_1	360.44
hsink_P_4_2	362.20
hsink_P_4_3	363.45
hsink_P_4_4	364.04
hsink_P_4_5	364.05
hsink_P_4_6	363.43
hsink_P_4_7	362.19
hsink_P_4_8	360.44
hsink_P_4_9	358.11
hsink_P_5_0	358.08
hsink_P_5_1	360.42
hsink_P_5_2	362.20
hsink_P_5_3	363.47
hsink_P_5_4	364.07
hsink_P_5_5	364.10
hsink_P_5_6	363.44
hsink_P_5_7	362.19
hsink_P_5_8	360.44
hsink_P_5_9	358.11
hsink_P_6_0	357.92
hsink_P_6_1	360.18
hsink_P_6_2	361.91
hsink_P_6_3	363.11
hsink_P_6_4	363.70
hsink_P_6_5	363.73
hsink_P_6_6	363.10
hsink_P_6_7	361.89
hsink_P_6_8	360.20
hsink_P_6_9	357.96
hsink_P_7_0	357.64
hsink_P_7_1	359.73
hsink_P_7_2	361.32
hsink_P_7_3	362.40
hsink_P_7_4	362.94
hsink_P_7_5	362.95
hsink_P_7_6	362.40
hsink_P_7_7	361.28
hsink_P_7_8	359.73
hsink_P_7_9	357.66
hsink_P_8_0	357.20
hsink_P_8_1	359.02
hsink_P_8_2	360.42
hsink_P_8_3	361.31
hsink_P_8_4	361.75
hsink_P_8_5	361.76
hsink_P_8_6	361.30
hsink_P_8_7	360.32
hsink_P_8_8	358.99
hsink_P_8_9	357.19
hsink_P_9_0	356.56
hsink_P_9_1	357.99
hsink_P_9_2	359.08
hsink_P_9_3	359.79
hsink_P_9_4	360.10
hsink_P_9_5	360.10
hsink_P_9_6	359.73
hsink_P_9_7	358.98
hsink_P_9_8	357.95
hsink_P_9_9	356.55
inode_0	354.49
inode_1	354.49
inode_2	353.89
inode_3	353.91
inode_4	354.33
inode_5	354.33
inode_6	353.65
inode_7	353.67
inode_8	347.85
inode_9	347.85
inode_10	347.95
inode_11	347.96
