0	0.000000
1	2.000000
2	2.000000
3	2.000000
4	2.000000
5	2.000000
6	2.000000
7	2.000000
8	2.000000
9	2.000000
10	2.000000
11	2.000000
12	2.000000
13	2.000000
14	2.000000
15	2.000000
16	2.000000
17	2.000000
18	2.000000
19	2.000000
20	2.000000
21	2.000000
22	2.000000
23	2.000000
24	2.000000
25	2.000000
26	2.000000
27	2.000000
28	2.000000
29	2.000000
30	2.000000
31	2.000000
32	2.000000
33	2.000000
34	2.000000
35	2.000000
36	2.000000
37	2.000000
38	2.000000
39	2.000000
40	2.000000
41	2.000000
42	2.000000
43	2.000000
44	2.000000
45	2.000000
46	2.000000
47	2.000000
48	2.000000
49	2.000000
50	2.000000
51	2.000000
52	2.000000
53	2.000000
54	2.000000
55	2.000000
56	2.000000
57	2.000000
58	2.000000
59	2.000000
60	2.000000
61	2.000000
62	2.000000
63	2.000000
64	2.000000
65	2.000000
66	2.000000
67	2.000000
68	2.000000
69	2.000000
70	2.000000
71	2.000000
72	2.000000
73	2.000000
74	2.000000
75	2.000000
76	2.000000
77	2.000000
78	2.000000
79	2.000000
80	2.000000
81	2.000000
82	2.000000
83	2.000000
84	2.000000
85	2.000000
86	2.000000
87	2.000000
88	2.000000
89	2.000000
90	2.000000
91	2.000000
92	2.000000
93	2.000000
94	2.000000
95	2.000000
96	2.000000
97	2.000000
98	2.000000
99	2.000000
100	2.000000
101	2.000000
102	2.000000
103	2.000000
104	2.000000
105	2.000000
106	2.000000
107	2.000000
108	2.000000
109	2.000000
110	2.000000
111	2.000000
112	2.000000
113	2.000000
114	2.000000
115	2.000000
116	2.000000
117	2.000000
118	2.000000
119	2.000000
120	2.000000
121	2.000000
122	2.000000
123	2.000000
124	2.000000
125	2.000000
126	2.000000
127	2.000000
128	2.000000
129	2.000000
130	2.000000
131	2.000000
132	2.000000
133	2.000000
134	2.000000
135	2.000000
136	2.000000
137	2.000000
138	2.000000
139	2.000000
140	2.000000
141	2.000000
142	2.000000
143	2.000000
144	2.000000
145	2.000000
146	2.000000
147	2.000000
148	2.000000
149	2.000000
150	2.000000
151	2.000000
152	2.000000
153	2.000000
154	2.000000
155	2.000000
156	2.000000
157	2.000000
158	2.000000
159	2.000000
160	2.000000
161	2.000000
162	2.000000
163	2.000000
164	2.000000
165	2.000000
166	2.000000
167	2.000000
168	2.000000
169	2.000000
170	2.000000
171	2.000000
172	2.000000
173	2.000000
174	2.000000
175	2.000000
176	2.000000
177	2.000000
178	2.000000
179	2.000000
180	2.000000
181	2.000000
182	2.000000
183	2.000000
184	2.000000
185	2.000000
186	2.000000
187	2.000000
188	2.000000
189	2.000000
190	2.000000
191	2.000000
192	2.000000
193	2.000000
194	2.000000
195	2.000000
196	2.000000
197	2.000000
198	2.000000
199	2.000000
200	2.000000
201	2.000000
202	2.000000
203	2.000000
204	2.000000
205	2.000000
206	2.000000
207	2.000000
208	2.000000
209	2.000000
210	2.000000
211	2.000000
212	2.000000
213	2.000000
214	2.000000
215	2.000000
216	2.000000
217	2.000000
218	2.000000
219	2.000000
220	2.000000
221	2.000000
222	2.000000
223	2.000000
224	2.000000
225	2.000000
226	2.000000
227	2.000000
228	2.000000
229	2.000000
230	2.000000
231	2.000000
232	2.000000
233	2.000000
234	2.000000
235	2.000000
236	2.000000
237	2.000000
238	2.000000
239	2.000000
240	2.000000
241	2.000000
242	2.000000
243	2.000000
244	2.000000
245	2.000000
246	2.000000
247	2.000000
248	2.000000
249	2.000000
250	2.000000
251	2.000000
252	2.000000
253	2.000000
254	2.000000
255	2.000000
256	2.000000
257	2.000000
258	2.000000
259	2.000000
260	2.000000
261	2.000000
262	2.000000
263	2.000000
264	2.000000
265	2.000000
266	2.000000
267	2.000000
268	2.000000
269	2.000000
270	2.000000
271	2.000000
272	2.000000
273	2.000000
274	2.000000
275	2.000000
276	2.000000
277	2.000000
278	2.000000
279	2.000000
280	2.000000
281	2.000000
282	2.000000
283	2.000000
284	2.000000
285	2.000000
286	2.000000
287	2.000000
288	2.000000
289	2.000000
290	2.000000
291	2.000000
292	2.000000
293	2.000000
294	2.000000
295	2.000000
296	2.000000
297	2.000000
298	2.000000
299	2.000000
300	2.000000
301	2.000000
302	2.000000
303	2.000000
304	2.000000
305	2.000000
306	2.000000
307	2.000000
308	2.000000
309	2.000000
310	2.000000
311	2.000000
312	2.000000
313	2.000000
314	2.000000
315	2.000000
316	2.000000
317	2.000000
318	2.000000
319	2.000000
320	2.000000
321	2.000000
322	2.000000
323	2.000000
324	2.000000
325	2.000000
326	2.000000
327	2.000000
328	2.000000
329	2.000000
330	2.000000
331	2.000000
332	2.000000
333	2.000000
334	2.000000
335	2.000000
336	2.000000
337	2.000000
338	2.000000
339	2.000000
340	2.000000
341	2.000000
342	2.000000
343	2.000000
344	2.000000
345	2.000000
346	2.000000
347	2.000000
348	2.000000
349	2.000000
350	2.000000
351	2.000000
352	2.000000
353	2.000000
354	2.000000
355	2.000000
356	2.000000
357	2.000000
358	2.000000
359	2.000000
360	2.000000
361	2.000000
362	2.000000
363	2.000000
364	2.000000
365	2.000000
366	2.000000
367	2.000000
368	2.000000
369	2.000000
370	2.000000
371	2.000000
372	2.000000
373	2.000000
374	2.000000
375	2.000000
376	2.000000
377	2.000000
378	2.000000
379	2.000000
380	2.000000
381	2.000000
382	2.000000
383	2.000000
384	2.000000
385	2.000000
386	2.000000
387	2.000000
388	2.000000
389	2.000000
390	2.000000
391	2.000000
392	2.000000
393	2.000000
394	2.000000
395	2.000000
396	2.000000
397	2.000000
398	2.000000
399	2.000000
400	2.000000
401	2.000000
402	2.000000
403	2.000000
404	2.000000
405	2.000000
406	2.000000
407	2.000000
408	2.000000
409	2.000000
410	2.000000
411	2.000000
412	2.000000
413	2.000000
414	2.000000
415	2.000000
416	2.000000
417	2.000000
418	2.000000
419	2.000000
420	2.000000
421	2.000000
422	2.000000
423	2.000000
424	2.000000
425	2.000000
426	2.000000
427	2.000000
428	2.000000
429	2.000000
430	2.000000
431	2.000000
432	2.000000
433	2.000000
434	2.000000
435	2.000000
436	2.000000
437	2.000000
438	2.000000
439	2.000000
440	2.000000
441	2.000000
442	2.000000
443	2.000000
444	2.000000
445	2.000000
446	2.000000
447	2.000000
448	2.000000
449	2.000000
450	2.000000
451	2.000000
452	2.000000
453	2.000000
454	2.000000
455	2.000000
456	2.000000
457	2.000000
458	2.000000
459	2.000000
460	2.000000
461	2.000000
462	2.000000
463	2.000000
464	2.000000
465	2.000000
466	2.000000
467	2.000000
468	2.000000
469	2.000000
470	2.000000
471	2.000000
472	2.000000
473	2.000000
474	2.000000
475	2.000000
476	2.000000
477	2.000000
478	2.000000
479	2.000000
480	2.000000
481	2.000000
482	2.000000
483	2.000000
484	2.000000
485	2.000000
486	2.000000
487	2.000000
488	2.000000
489	2.000000
490	2.000000
491	2.000000
492	2.000000
493	2.000000
494	2.000000
495	2.000000
496	2.000000
497	2.000000
498	2.000000
499	2.000000
500	2.000000
501	10.400000
502	10.400000
503	10.400000
504	10.400000
505	10.400000
506	10.400000
507	10.400000
508	10.400000
509	10.400000
510	10.400000
511	10.400000
512	10.400000
513	10.400000
514	10.400000
515	10.400000
516	10.400000
517	10.400000
518	10.400000
519	10.400000
520	10.400000
521	10.400000
522	10.400000
523	10.400000
524	10.400000
525	10.400000
526	10.400000
527	10.400000
528	10.400000
529	10.400000
530	10.400000
531	10.400000
532	10.400000
533	10.400000
534	10.400000
535	10.400000
536	10.400000
537	10.400000
538	10.400000
539	10.400000
540	10.400000
541	10.400000
542	10.400000
543	10.400000
544	10.400000
545	10.400000
546	10.400000
547	10.400000
548	10.400000
549	10.400000
550	10.400000
551	10.400000
552	10.400000
553	10.400000
554	10.400000
555	10.400000
556	10.400000
557	10.400000
558	10.400000
559	10.400000
560	10.400000
561	10.400000
562	10.400000
563	10.400000
564	10.400000
565	10.400000
566	10.400000
567	10.400000
568	10.400000
569	10.400000
570	10.400000
571	10.400000
572	10.400000
573	10.400000
574	10.400000
575	10.400000
576	10.400000
577	10.400000
578	10.400000
579	10.400000
580	10.400000
581	10.400000
582	10.400000
583	10.400000
584	10.400000
585	10.400000
586	10.400000
587	10.400000
588	10.400000
589	10.400000
590	10.400000
591	10.400000
592	10.400000
593	10.400000
594	10.400000
595	10.400000
596	10.400000
597	10.400000
598	10.400000
599	10.400000
600	10.400000
601	10.400000
602	10.400000
603	10.400000
604	10.400000
605	10.400000
606	10.400000
607	10.400000
608	10.400000
609	10.400000
610	10.400000
611	10.400000
612	10.400000
613	10.400000
614	10.400000
615	10.400000
616	10.400000
617	10.400000
618	10.400000
619	10.400000
620	10.400000
621	10.400000
622	10.400000
623	10.400000
624	10.400000
625	10.400000
626	10.400000
627	10.400000
628	10.400000
629	10.400000
630	10.400000
631	10.400000
632	10.400000
633	10.400000
634	10.400000
635	10.400000
636	10.400000
637	10.400000
638	10.400000
639	10.400000
640	10.400000
641	10.400000
642	10.400000
643	10.400000
644	10.400000
645	10.400000
646	10.400000
647	10.400000
648	10.400000
649	10.400000
650	10.400000
651	10.800000
652	10.800000
653	10.800000
654	10.800000
655	10.800000
656	10.800000
657	10.800000
658	10.800000
659	10.800000
660	10.800000
661	10.800000
662	10.800000
663	10.800000
664	10.800000
665	10.800000
666	10.800000
667	10.800000
668	10.800000
669	10.800000
670	10.800000
671	10.800000
672	10.800000
673	10.800000
674	10.800000
675	10.800000
676	10.800000
677	10.800000
678	10.800000
679	10.800000
680	10.800000
681	10.800000
682	10.800000
683	10.800000
684	10.800000
685	10.800000
686	10.800000
687	10.800000
688	10.800000
689	10.800000
690	10.800000
691	10.800000
692	10.800000
693	10.800000
694	10.800000
695	10.800000
696	10.800000
697	10.800000
698	10.800000
699	10.800000
700	10.800000
701	10.800000
702	10.800000
703	10.800000
704	10.800000
705	10.800000
706	10.800000
707	10.800000
708	10.800000
709	10.800000
710	10.800000
711	10.800000
712	10.800000
713	10.800000
714	10.800000
715	10.800000
716	10.800000
717	10.800000
718	10.800000
719	10.800000
720	10.800000
721	10.800000
722	10.800000
723	10.800000
724	10.800000
725	10.800000
726	10.800000
727	10.800000
728	10.800000
729	10.800000
730	10.800000
731	10.800000
732	10.800000
733	10.800000
734	10.800000
735	10.800000
736	10.800000
737	10.800000
738	10.800000
739	10.800000
740	10.800000
741	10.800000
742	10.800000
743	10.800000
744	10.800000
745	10.800000
746	10.800000
747	10.800000
748	10.800000
749	10.800000
750	10.800000
751	10.800000
752	10.800000
753	10.800000
754	10.800000
755	10.800000
756	10.800000
757	10.800000
758	10.800000
759	10.800000
760	10.800000
761	10.800000
762	10.800000
763	10.800000
764	10.800000
765	10.800000
766	10.800000
767	10.800000
768	10.800000
769	10.800000
770	10.800000
771	10.800000
772	10.800000
773	10.800000
774	10.800000
775	10.800000
776	10.800000
777	10.800000
778	10.800000
779	10.800000
780	10.800000
781	10.800000
782	10.800000
783	10.800000
784	10.800000
785	10.800000
786	10.800000
787	10.800000
788	10.800000
789	10.800000
790	10.800000
791	10.800000
792	10.800000
793	10.800000
794	10.800000
795	10.800000
796	10.800000
797	10.800000
798	10.800000
799	10.800000
800	10.800000
801	14.200000
802	14.200000
803	14.200000
804	14.200000
805	14.200000
806	14.200000
807	14.200000
808	14.200000
809	14.200000
810	14.200000
811	14.200000
812	14.200000
813	14.200000
814	14.200000
815	14.200000
816	14.200000
817	14.200000
818	14.200000
819	14.200000
820	14.200000
821	14.200000
822	14.200000
823	14.200000
824	14.200000
825	14.200000
826	14.200000
827	14.200000
828	14.200000
829	14.200000
830	14.200000
831	14.200000
832	14.200000
833	14.200000
834	14.200000
835	14.200000
836	14.200000
837	14.200000
838	14.200000
839	14.200000
840	14.200000
841	14.200000
842	14.200000
843	14.200000
844	14.200000
845	14.200000
846	14.200000
847	14.200000
848	14.200000
849	14.200000
850	14.200000
851	14.200000
852	14.200000
853	14.200000
854	14.200000
855	14.200000
856	14.200000
857	14.200000
858	14.200000
859	14.200000
860	14.200000
861	14.200000
862	14.200000
863	14.200000
864	14.200000
865	14.200000
866	14.200000
867	14.200000
868	14.200000
869	14.200000
870	14.200000
871	14.200000
872	14.200000
873	14.200000
874	14.200000
875	14.200000
876	14.200000
877	14.200000
878	14.200000
879	14.200000
880	14.200000
881	14.200000
882	14.200000
883	14.200000
884	14.200000
885	14.200000
886	14.200000
887	14.200000
888	14.200000
889	14.200000
890	14.200000
891	14.200000
892	14.200000
893	14.200000
894	14.200000
895	14.200000
896	14.200000
897	14.200000
898	14.200000
899	14.200000
900	14.200000
901	14.200000
902	14.200000
903	14.200000
904	14.200000
905	14.200000
906	14.200000
907	14.200000
908	14.200000
909	14.200000
910	14.200000
911	14.200000
912	14.200000
913	14.200000
914	14.200000
915	14.200000
916	14.200000
917	14.200000
918	14.200000
919	14.200000
920	14.200000
921	14.200000
922	14.200000
923	14.200000
924	14.200000
925	14.200000
926	14.200000
927	14.200000
928	14.200000
929	14.200000
930	14.200000
931	14.200000
932	14.200000
933	14.200000
934	14.200000
935	14.200000
936	14.200000
937	14.200000
938	14.200000
939	14.200000
940	14.200000
941	14.200000
942	14.200000
943	14.200000
944	14.200000
945	14.200000
946	14.200000
947	14.200000
948	14.200000
949	14.200000
950	14.200000
951	14.200000
952	18.600000
953	18.600000
954	18.600000
955	18.600000
956	18.600000
957	18.600000
958	18.600000
959	18.600000
960	18.600000
961	18.600000
962	18.600000
963	18.600000
964	18.600000
965	18.600000
966	18.600000
967	18.600000
968	18.600000
969	18.600000
970	18.600000
971	18.600000
972	18.600000
973	18.600000
974	18.600000
975	18.600000
976	18.600000
977	18.600000
978	18.600000
979	18.600000
980	18.600000
981	18.600000
982	18.600000
983	18.600000
984	18.600000
985	18.600000
986	18.600000
987	18.600000
988	18.600000
989	18.600000
990	18.600000
991	18.600000
992	18.600000
993	18.600000
994	18.600000
995	18.600000
996	18.600000
997	18.600000
998	18.600000
999	18.600000
1000	18.600000
1001	18.600000
1002	18.600000
1003	18.600000
1004	18.600000
1005	18.600000
1006	18.600000
1007	18.600000
1008	18.600000
1009	18.600000
1010	18.600000
1011	18.600000
1012	18.600000
1013	18.600000
1014	18.600000
1015	18.600000
1016	18.600000
1017	18.600000
1018	18.600000
1019	18.600000
1020	18.600000
1021	18.600000
1022	18.600000
1023	18.600000
1024	18.600000
1025	18.600000
1026	18.600000
1027	18.600000
1028	18.600000
1029	18.600000
1030	18.600000
1031	18.600000
1032	18.600000
1033	18.600000
1034	18.600000
1035	18.600000
1036	18.600000
1037	18.600000
1038	18.600000
1039	18.600000
1040	18.600000
1041	18.600000
1042	18.600000
1043	18.600000
1044	18.600000
1045	18.600000
1046	18.600000
1047	18.600000
1048	18.600000
1049	18.600000
1050	18.600000
1051	18.600000
1052	18.600000
1053	18.600000
1054	18.600000
1055	18.600000
1056	18.600000
1057	18.600000
1058	18.600000
1059	18.600000
1060	18.600000
1061	18.600000
1062	18.600000
1063	18.600000
1064	18.600000
1065	18.600000
1066	18.600000
1067	18.600000
1068	16.200000
1069	16.200000
1070	16.200000
1071	16.200000
1072	16.200000
1073	16.200000
1074	16.200000
1075	16.200000
1076	16.200000
1077	16.200000
1078	16.200000
1079	16.200000
1080	16.200000
1081	16.200000
1082	16.200000
1083	16.200000
1084	16.200000
1085	16.200000
1086	16.200000
1087	16.200000
1088	16.200000
1089	16.200000
1090	16.200000
1091	16.200000
1092	16.200000
1093	16.200000
1094	16.200000
1095	16.200000
1096	16.200000
1097	16.200000
1098	16.200000
1099	16.200000
1100	16.200000
1101	19.200000
1102	19.200000
1103	19.200000
1104	19.200000
1105	19.200000
1106	19.200000
1107	19.200000
1108	19.200000
1109	19.200000
1110	19.200000
1111	19.200000
1112	19.200000
1113	19.200000
1114	19.200000
1115	19.200000
1116	19.200000
1117	19.200000
1118	19.200000
1119	19.200000
1120	19.200000
1121	19.200000
1122	19.200000
1123	19.200000
1124	19.200000
1125	19.200000
1126	19.200000
1127	19.200000
1128	19.200000
1129	19.200000
1130	19.200000
1131	19.200000
1132	19.200000
1133	19.200000
1134	19.200000
1135	19.200000
1136	19.200000
1137	19.200000
1138	19.200000
1139	19.200000
1140	19.200000
1141	19.200000
1142	19.200000
1143	19.200000
1144	19.200000
1145	19.200000
1146	19.200000
1147	19.200000
1148	19.200000
1149	19.200000
1150	19.200000
1151	17.200000
1152	17.200000
1153	17.200000
1154	17.200000
1155	17.200000
1156	17.200000
1157	17.200000
1158	17.200000
1159	17.200000
1160	17.200000
1161	17.200000
1162	17.200000
1163	17.200000
1164	17.200000
1165	17.200000
1166	17.200000
1167	17.200000
1168	17.200000
1169	17.200000
1170	17.200000
1171	17.200000
1172	17.200000
1173	17.200000
1174	17.200000
1175	17.200000
1176	17.200000
1177	17.200000
1178	17.200000
1179	17.200000
1180	17.200000
1181	17.200000
1182	17.200000
1183	17.200000
1184	17.200000
1185	17.200000
1186	17.200000
1187	17.200000
1188	17.200000
1189	17.200000
1190	17.200000
1191	17.200000
1192	17.200000
1193	17.200000
1194	17.200000
1195	17.200000
1196	17.200000
1197	17.200000
1198	17.200000
1199	17.200000
1200	17.200000
1201	17.200000
1202	17.200000
1203	17.200000
1204	17.200000
1205	17.200000
1206	17.200000
1207	17.200000
1208	17.200000
1209	17.200000
1210	17.200000
1211	17.200000
1212	17.200000
1213	17.200000
1214	17.200000
1215	17.200000
1216	17.200000
1217	17.200000
1218	14.800000
1219	14.800000
1220	14.800000
1221	14.800000
1222	14.800000
1223	14.800000
1224	14.800000
1225	14.800000
1226	14.800000
1227	14.800000
1228	14.800000
1229	14.800000
1230	14.800000
1231	14.800000
1232	14.800000
1233	14.800000
1234	14.800000
1235	14.800000
1236	14.800000
1237	14.800000
1238	14.800000
1239	14.800000
1240	14.800000
1241	14.800000
1242	14.800000
1243	14.800000
1244	14.800000
1245	14.800000
1246	14.800000
1247	14.800000
1248	14.800000
1249	14.800000
1250	14.800000
1251	16.400000
1252	16.400000
1253	16.400000
1254	16.400000
1255	16.400000
1256	16.400000
1257	16.400000
1258	16.400000
1259	16.400000
1260	16.400000
1261	16.400000
1262	16.400000
1263	16.400000
1264	16.400000
1265	16.400000
1266	16.400000
1267	16.400000
1268	16.400000
1269	16.400000
1270	16.400000
1271	16.400000
1272	16.400000
1273	16.400000
1274	16.400000
1275	16.400000
1276	16.400000
1277	16.400000
1278	16.400000
1279	16.400000
1280	16.400000
1281	16.400000
1282	16.400000
1283	16.400000
1284	16.400000
1285	16.400000
1286	16.400000
1287	16.400000
1288	16.400000
1289	16.400000
1290	16.400000
1291	16.400000
1292	16.400000
1293	16.400000
1294	16.400000
1295	16.400000
1296	16.400000
1297	16.400000
1298	16.400000
1299	16.400000
1300	16.400000
1301	12.400000
1302	12.400000
1303	12.400000
1304	12.400000
1305	12.400000
1306	12.400000
1307	12.400000
1308	12.400000
1309	12.400000
1310	12.400000
1311	12.400000
1312	12.400000
1313	12.400000
1314	12.400000
1315	12.400000
1316	12.400000
1317	12.400000
1318	12.400000
1319	12.400000
1320	12.400000
1321	12.400000
1322	12.400000
1323	12.400000
1324	12.400000
1325	12.400000
1326	12.400000
1327	12.400000
1328	12.400000
1329	12.400000
1330	12.400000
1331	12.400000
1332	12.400000
1333	12.400000
1334	12.400000
1335	12.400000
1336	12.400000
1337	12.400000
1338	12.400000
1339	12.400000
1340	12.400000
1341	12.400000
1342	12.400000
1343	12.400000
1344	12.400000
1345	12.400000
1346	12.400000
1347	12.400000
1348	12.400000
1349	12.400000
1350	12.400000
1351	12.400000
1352	12.400000
1353	12.400000
1354	12.400000
1355	12.400000
1356	12.400000
1357	12.400000
1358	12.400000
1359	12.400000
1360	12.400000
1361	12.400000
1362	12.400000
1363	12.400000
1364	12.400000
1365	12.400000
1366	12.400000
1367	12.400000
1368	12.400000
1369	10.000000
1370	10.000000
1371	10.000000
1372	10.000000
1373	10.000000
1374	10.000000
1375	10.000000
1376	10.000000
1377	10.000000
1378	10.000000
1379	10.000000
1380	10.000000
1381	10.000000
1382	10.000000
1383	10.000000
1384	10.000000
1385	10.000000
1386	10.000000
1387	10.000000
1388	10.000000
1389	10.000000
1390	10.000000
1391	10.000000
1392	10.000000
1393	10.000000
1394	10.000000
1395	10.000000
1396	10.000000
1397	10.000000
1398	10.000000
1399	10.000000
1400	10.000000
1401	10.000000
1402	10.000000
1403	10.000000
1404	10.000000
1405	10.000000
1406	10.000000
1407	10.000000
1408	10.000000
1409	10.000000
1410	10.000000
1411	10.000000
1412	10.000000
1413	10.000000
1414	10.000000
1415	10.000000
1416	10.000000
1417	10.000000
1418	10.000000
1419	10.000000
1420	10.000000
1421	10.000000
1422	10.000000
1423	10.000000
1424	10.000000
1425	10.000000
1426	10.000000
1427	10.000000
1428	10.000000
1429	10.000000
1430	10.000000
1431	10.000000
1432	10.000000
1433	10.000000
1434	10.000000
1435	10.000000
1436	10.000000
1437	10.000000
1438	10.000000
1439	10.000000
1440	10.000000
1441	10.000000
1442	10.000000
1443	10.000000
1444	10.000000
1445	10.000000
1446	10.000000
1447	10.000000
1448	10.000000
1449	10.000000
1450	10.000000
1451	10.000000
1452	6.000000
1453	6.000000
1454	6.000000
1455	6.000000
1456	6.000000
1457	6.000000
1458	6.000000
1459	6.000000
1460	6.000000
1461	6.000000
1462	6.000000
1463	6.000000
1464	6.000000
1465	6.000000
1466	6.000000
1467	6.000000
1468	6.000000
1469	6.000000
1470	6.000000
1471	6.000000
1472	6.000000
1473	6.000000
1474	6.000000
1475	6.000000
1476	6.000000
1477	6.000000
1478	6.000000
1479	6.000000
1480	6.000000
1481	6.000000
1482	6.000000
1483	6.000000
1484	6.000000
1485	6.000000
1486	6.000000
1487	6.000000
1488	6.000000
1489	6.000000
1490	6.000000
1491	6.000000
1492	6.000000
1493	6.000000
1494	6.000000
1495	6.000000
1496	6.000000
1497	6.000000
1498	6.000000
1499	6.000000
1500	6.000000
1501	6.000000
1502	6.000000
1503	6.000000
1504	6.000000
1505	6.000000
1506	6.000000
1507	6.000000
1508	6.000000
1509	6.000000
1510	6.000000
1511	6.000000
1512	6.000000
1513	6.000000
1514	6.000000
1515	6.000000
1516	6.000000
1517	6.000000
1518	6.000000
1519	6.000000
1520	6.000000
1521	6.000000
1522	6.000000
1523	6.000000
1524	6.000000
1525	6.000000
1526	6.000000
1527	6.000000
1528	6.000000
1529	6.000000
1530	6.000000
1531	6.000000
1532	6.000000
1533	6.000000
1534	6.000000
1535	6.000000
1536	6.000000
1537	6.000000
1538	6.000000
1539	6.000000
1540	6.000000
1541	6.000000
1542	6.000000
1543	6.000000
1544	6.000000
1545	6.000000
1546	6.000000
1547	6.000000
1548	6.000000
1549	6.000000
1550	6.000000
1551	6.000000
1552	6.000000
1553	6.000000
1554	6.000000
1555	6.000000
1556	6.000000
1557	6.000000
1558	6.000000
1559	6.000000
1560	6.000000
1561	6.000000
1562	6.000000
1563	6.000000
1564	6.000000
1565	6.000000
1566	6.000000
1567	6.000000
1568	6.000000
1569	6.000000
1570	6.000000
1571	6.000000
1572	6.000000
1573	6.000000
1574	6.000000
1575	6.000000
1576	6.000000
1577	6.000000
1578	6.000000
1579	6.000000
1580	6.000000
1581	6.000000
1582	6.000000
1583	6.000000
1584	6.000000
1585	6.000000
1586	6.000000
1587	6.000000
1588	6.000000
1589	6.000000
1590	6.000000
1591	6.000000
1592	6.000000
1593	6.000000
1594	6.000000
1595	6.000000
1596	6.000000
1597	6.000000
1598	6.000000
1599	6.000000
1600	6.000000
1601	2.000000
1602	2.000000
1603	2.000000
1604	2.000000
1605	2.000000
1606	2.000000
1607	2.000000
1608	2.000000
1609	2.000000
1610	2.000000
1611	2.000000
1612	2.000000
1613	2.000000
1614	2.000000
1615	2.000000
1616	2.000000
1617	2.000000
1618	2.000000
1619	2.000000
1620	2.000000
1621	2.000000
1622	2.000000
1623	2.000000
1624	2.000000
1625	2.000000
1626	2.000000
1627	2.000000
1628	2.000000
1629	2.000000
1630	2.000000
1631	2.000000
1632	2.000000
1633	2.000000
1634	2.000000
1635	2.000000
1636	2.000000
1637	2.000000
1638	2.000000
1639	2.000000
1640	2.000000
1641	2.000000
1642	2.000000
1643	2.000000
1644	2.000000
1645	2.000000
1646	2.000000
1647	2.000000
1648	2.000000
1649	2.000000
1650	2.000000
1651	2.000000
1652	2.000000
1653	2.000000
1654	2.000000
1655	2.000000
1656	2.000000
1657	2.000000
1658	2.000000
1659	2.000000
1660	2.000000
1661	2.000000
1662	2.000000
1663	2.000000
1664	2.000000
1665	2.000000
1666	2.000000
1667	2.000000
1668	2.000000
1669	2.000000
1670	2.000000
1671	2.000000
1672	2.000000
1673	2.000000
1674	2.000000
1675	2.000000
1676	2.000000
1677	2.000000
1678	2.000000
1679	2.000000
1680	2.000000
1681	2.000000
1682	2.000000
1683	2.000000
1684	2.000000
1685	2.000000
1686	2.000000
1687	2.000000
1688	2.000000
1689	2.000000
1690	2.000000
1691	2.000000
1692	2.000000
1693	2.000000
1694	2.000000
1695	2.000000
1696	2.000000
1697	2.000000
1698	2.000000
1699	2.000000
1700	2.000000
1701	2.000000
1702	2.000000
1703	2.000000
1704	2.000000
1705	2.000000
1706	2.000000
1707	2.000000
1708	2.000000
1709	2.000000
1710	2.000000
1711	2.000000
1712	2.000000
1713	2.000000
1714	2.000000
1715	2.000000
1716	2.000000
1717	2.000000
1718	2.000000
1719	2.000000
1720	2.000000
1721	2.000000
1722	2.000000
1723	2.000000
1724	2.000000
1725	2.000000
1726	2.000000
1727	2.000000
1728	2.000000
1729	2.000000
1730	2.000000
1731	2.000000
1732	2.000000
1733	2.000000
1734	2.000000
1735	2.000000
1736	2.000000
1737	2.000000
1738	2.000000
1739	2.000000
1740	2.000000
1741	2.000000
1742	2.000000
1743	2.000000
1744	2.000000
1745	2.000000
1746	2.000000
1747	2.000000
1748	2.000000
1749	2.000000
1750	2.000000
1751	0.000000
1752	0.000000
1753	2.000000
1754	2.000000
1755	2.000000
1756	2.000000
1757	2.000000
1758	2.000000
1759	2.000000
1760	2.000000
1761	2.000000
1762	2.000000
1763	2.000000
1764	2.000000
1765	2.000000
1766	2.000000
1767	2.000000
1768	2.000000
1769	2.000000
1770	2.000000
1771	2.000000
1772	2.000000
1773	2.000000
1774	2.000000
1775	2.000000
1776	2.000000
1777	2.000000
1778	2.000000
1779	2.000000
1780	2.000000
1781	2.000000
1782	2.000000
1783	2.000000
1784	2.000000
1785	2.000000
1786	2.000000
1787	2.000000
1788	2.000000
1789	2.000000
1790	2.000000
1791	2.000000
1792	2.000000
1793	2.000000
1794	2.000000
1795	2.000000
1796	2.000000
1797	2.000000
1798	2.000000
1799	2.000000
1800	2.000000
1801	2.000000
1802	2.000000
1803	2.000000
1804	2.000000
1805	2.000000
1806	2.000000
1807	2.000000
1808	2.000000
1809	2.000000
1810	2.000000
1811	2.000000
1812	2.000000
1813	2.000000
1814	2.000000
1815	2.000000
1816	2.000000
1817	2.000000
1818	2.000000
1819	2.000000
1820	2.000000
1821	2.000000
1822	2.000000
1823	2.000000
1824	2.000000
1825	2.000000
1826	2.000000
1827	2.000000
1828	2.000000
1829	2.000000
1830	2.000000
1831	2.000000
1832	2.000000
1833	2.000000
1834	2.000000
1835	2.000000
1836	2.000000
1837	2.000000
1838	2.000000
1839	2.000000
1840	2.000000
1841	2.000000
1842	2.000000
1843	2.000000
1844	2.000000
1845	2.000000
1846	2.000000
1847	2.000000
1848	2.000000
1849	2.000000
1850	2.000000
1851	2.000000
1852	2.000000
1853	2.000000
1854	2.000000
1855	2.000000
1856	2.000000
1857	2.000000
1858	2.000000
1859	2.000000
1860	2.000000
1861	2.000000
1862	2.000000
1863	2.000000
1864	2.000000
1865	2.000000
1866	2.000000
1867	2.000000
1868	2.000000
1869	2.000000
1870	2.000000
1871	2.000000
1872	2.000000
1873	2.000000
1874	2.000000
1875	2.000000
1876	2.000000
1877	2.000000
1878	2.000000
1879	2.000000
1880	2.000000
1881	2.000000
1882	2.000000
1883	2.000000
1884	2.000000
1885	2.000000
1886	2.000000
1887	2.000000
1888	2.000000
1889	2.000000
1890	2.000000
1891	2.000000
1892	2.000000
1893	2.000000
1894	2.000000
1895	2.000000
1896	2.000000
1897	2.000000
1898	2.000000
1899	2.000000
1900	2.000000
1901	2.000000
1902	2.000000
1903	2.000000
1904	2.000000
1905	2.000000
1906	2.000000
1907	2.000000
1908	2.000000
1909	2.000000
1910	2.000000
1911	2.000000
1912	2.000000
1913	2.000000
1914	2.000000
1915	2.000000
1916	2.000000
1917	2.000000
1918	2.000000
1919	2.000000
1920	2.000000
1921	2.000000
1922	2.000000
1923	2.000000
1924	2.000000
1925	2.000000
1926	2.000000
1927	2.000000
1928	2.000000
1929	2.000000
1930	2.000000
1931	2.000000
1932	2.000000
1933	2.000000
1934	2.000000
1935	2.000000
1936	2.000000
1937	2.000000
1938	2.000000
1939	2.000000
1940	2.000000
1941	2.000000
1942	2.000000
1943	2.000000
1944	2.000000
1945	2.000000
1946	2.000000
1947	2.000000
1948	2.000000
1949	2.000000
1950	2.000000
1951	2.000000
1952	2.000000
1953	2.000000
1954	2.000000
1955	2.000000
1956	2.000000
1957	2.000000
1958	2.000000
1959	2.000000
1960	2.000000
1961	2.000000
1962	2.000000
1963	2.000000
1964	2.000000
1965	2.000000
1966	2.000000
1967	2.000000
1968	2.000000
1969	2.000000
1970	2.000000
1971	2.000000
1972	2.000000
1973	2.000000
1974	2.000000
1975	2.000000
1976	2.000000
1977	2.000000
1978	2.000000
1979	2.000000
1980	2.000000
1981	2.000000
1982	2.000000
1983	2.000000
1984	2.000000
1985	2.000000
1986	2.000000
1987	2.000000
1988	2.000000
1989	2.000000
1990	2.000000
1991	2.000000
1992	2.000000
1993	2.000000
1994	2.000000
1995	2.000000
1996	2.000000
1997	2.000000
1998	2.000000
1999	2.000000
2000	2.000000
2001	2.000000
2002	2.000000
2003	2.000000
2004	2.000000
2005	2.000000
2006	2.000000
2007	2.000000
2008	2.000000
2009	2.000000
2010	2.000000
2011	2.000000
2012	2.000000
2013	2.000000
2014	2.000000
2015	2.000000
2016	2.000000
2017	2.000000
2018	2.000000
2019	2.000000
2020	2.000000
2021	2.000000
2022	2.000000
2023	2.000000
2024	2.000000
2025	2.000000
2026	2.000000
2027	2.000000
2028	2.000000
2029	2.000000
2030	2.000000
2031	2.000000
2032	2.000000
2033	2.000000
2034	2.000000
2035	2.000000
2036	2.000000
2037	2.000000
2038	2.000000
2039	2.000000
2040	2.000000
2041	2.000000
2042	2.000000
2043	2.000000
2044	2.000000
2045	2.000000
2046	2.000000
2047	2.000000
2048	2.000000
2049	2.000000
2050	2.000000
2051	2.000000
2052	2.000000
2053	2.000000
2054	2.000000
2055	2.000000
2056	2.000000
2057	2.000000
2058	2.000000
2059	2.000000
2060	2.000000
2061	2.000000
2062	2.000000
2063	2.000000
2064	2.000000
2065	2.000000
2066	2.000000
2067	2.000000
2068	2.000000
2069	2.000000
2070	2.000000
2071	2.000000
2072	2.000000
2073	2.000000
2074	2.000000
2075	2.000000
2076	2.000000
2077	2.000000
2078	2.000000
2079	2.000000
2080	2.000000
2081	2.000000
2082	2.000000
2083	2.000000
2084	2.000000
2085	2.000000
2086	2.000000
2087	2.000000
2088	2.000000
2089	2.000000
2090	2.000000
2091	2.000000
2092	2.000000
2093	2.000000
2094	2.000000
2095	2.000000
2096	2.000000
2097	2.000000
2098	2.000000
2099	2.000000
2100	2.000000
2101	2.000000
2102	2.000000
2103	2.000000
2104	2.000000
2105	2.000000
2106	2.000000
2107	2.000000
2108	2.000000
2109	2.000000
2110	2.000000
2111	2.000000
2112	2.000000
2113	2.000000
2114	2.000000
2115	2.000000
2116	2.000000
2117	2.000000
2118	2.000000
2119	2.000000
2120	2.000000
2121	2.000000
2122	2.000000
2123	2.000000
2124	2.000000
2125	2.000000
2126	2.000000
2127	2.000000
2128	2.000000
2129	2.000000
2130	2.000000
2131	2.000000
2132	2.000000
2133	2.000000
2134	2.000000
2135	2.000000
2136	2.000000
2137	2.000000
2138	2.000000
2139	2.000000
2140	2.000000
2141	2.000000
2142	2.000000
2143	2.000000
2144	2.000000
2145	2.000000
2146	2.000000
2147	2.000000
2148	2.000000
2149	2.000000
2150	2.000000
2151	2.000000
2152	2.000000
2153	2.000000
2154	2.000000
2155	2.000000
2156	2.000000
2157	2.000000
2158	2.000000
2159	2.000000
2160	2.000000
2161	2.000000
2162	2.000000
2163	2.000000
2164	2.000000
2165	2.000000
2166	2.000000
2167	2.000000
2168	2.000000
2169	2.000000
2170	2.000000
2171	2.000000
2172	2.000000
2173	2.000000
2174	2.000000
2175	2.000000
2176	2.000000
2177	2.000000
2178	2.000000
2179	2.000000
2180	2.000000
2181	2.000000
2182	2.000000
2183	2.000000
2184	2.000000
2185	2.000000
2186	2.000000
2187	2.000000
2188	2.000000
2189	2.000000
2190	2.000000
2191	2.000000
2192	2.000000
2193	2.000000
2194	2.000000
2195	2.000000
2196	2.000000
2197	2.000000
2198	2.000000
2199	2.000000
2200	2.000000
2201	2.000000
2202	2.000000
2203	2.000000
2204	2.000000
2205	2.000000
2206	2.000000
2207	2.000000
2208	2.000000
2209	2.000000
2210	2.000000
2211	2.000000
2212	2.000000
2213	2.000000
2214	2.000000
2215	2.000000
2216	2.000000
2217	2.000000
2218	2.000000
2219	2.000000
2220	2.000000
2221	2.000000
2222	2.000000
2223	2.000000
2224	2.000000
2225	2.000000
2226	2.000000
2227	2.000000
2228	2.000000
2229	2.000000
2230	2.000000
2231	2.000000
2232	2.000000
2233	2.000000
2234	2.000000
2235	2.000000
2236	2.000000
2237	2.000000
2238	2.000000
2239	2.000000
2240	2.000000
2241	2.000000
2242	2.000000
2243	2.000000
2244	2.000000
2245	2.000000
2246	2.000000
2247	2.000000
2248	2.000000
2249	2.000000
2250	2.000000
2251	2.000000
2252	2.000000
2253	10.400000
2254	10.400000
2255	10.400000
2256	10.400000
2257	10.400000
2258	10.400000
2259	10.400000
2260	10.400000
2261	10.400000
2262	10.400000
2263	10.400000
2264	10.400000
2265	10.400000
2266	10.400000
2267	10.400000
2268	10.400000
2269	10.400000
2270	10.400000
2271	10.400000
2272	10.400000
2273	10.400000
2274	10.400000
2275	10.400000
2276	10.400000
2277	10.400000
2278	10.400000
2279	10.400000
2280	10.400000
2281	10.400000
2282	10.400000
2283	10.400000
2284	10.400000
2285	10.400000
2286	10.400000
2287	10.400000
2288	10.400000
2289	10.400000
2290	10.400000
2291	10.400000
2292	10.400000
2293	10.400000
2294	10.400000
2295	10.400000
2296	10.400000
2297	10.400000
2298	10.400000
2299	10.400000
2300	10.400000
2301	10.400000
2302	10.400000
2303	10.400000
2304	10.400000
2305	10.400000
2306	10.400000
2307	10.400000
2308	10.400000
2309	10.400000
2310	10.400000
2311	10.400000
2312	10.400000
2313	10.400000
2314	10.400000
2315	10.400000
2316	10.400000
2317	10.400000
2318	10.400000
2319	10.400000
2320	10.400000
2321	10.400000
2322	10.400000
2323	10.400000
2324	10.400000
2325	10.400000
2326	10.400000
2327	10.400000
2328	10.400000
2329	10.400000
2330	10.400000
2331	10.400000
2332	10.400000
2333	10.400000
2334	10.400000
2335	10.400000
2336	10.400000
2337	10.400000
2338	10.400000
2339	10.400000
2340	10.400000
2341	10.400000
2342	10.400000
2343	10.400000
2344	10.400000
2345	10.400000
2346	10.400000
2347	10.400000
2348	10.400000
2349	10.400000
2350	10.400000
2351	10.400000
2352	10.400000
2353	10.400000
2354	10.400000
2355	10.400000
2356	10.400000
2357	10.400000
2358	10.400000
2359	10.400000
2360	10.400000
2361	10.400000
2362	10.400000
2363	10.400000
2364	10.400000
2365	10.400000
2366	10.400000
2367	10.400000
2368	10.400000
2369	10.400000
2370	10.400000
2371	10.400000
2372	10.400000
2373	10.400000
2374	10.400000
2375	10.400000
2376	10.400000
2377	10.400000
2378	10.400000
2379	10.400000
2380	10.400000
2381	10.400000
2382	10.400000
2383	10.400000
2384	10.400000
2385	10.400000
2386	10.400000
2387	10.400000
2388	10.400000
2389	10.400000
2390	10.400000
2391	10.400000
2392	10.400000
2393	10.400000
2394	10.400000
2395	10.400000
2396	10.400000
2397	10.400000
2398	10.400000
2399	10.400000
2400	10.400000
2401	10.400000
2402	10.400000
2403	11.000000
2404	11.000000
2405	11.000000
2406	11.000000
2407	11.000000
2408	11.000000
2409	11.000000
2410	11.000000
2411	11.000000
2412	11.000000
2413	11.000000
2414	11.000000
2415	11.000000
2416	11.000000
2417	11.000000
2418	11.000000
2419	11.000000
2420	11.000000
2421	11.000000
2422	11.000000
2423	11.000000
2424	11.000000
2425	11.000000
2426	11.000000
2427	11.000000
2428	11.000000
2429	11.000000
2430	11.000000
2431	11.000000
2432	11.000000
2433	11.000000
2434	11.000000
2435	11.000000
2436	11.000000
2437	11.000000
2438	11.000000
2439	11.000000
2440	11.000000
2441	11.000000
2442	11.000000
2443	11.000000
2444	11.000000
2445	11.000000
2446	11.000000
2447	11.000000
2448	11.000000
2449	11.000000
2450	11.000000
2451	11.000000
2452	11.000000
2453	11.000000
2454	11.000000
2455	11.000000
2456	11.000000
2457	11.000000
2458	11.000000
2459	11.000000
2460	11.000000
2461	11.000000
2462	11.000000
2463	11.000000
2464	11.000000
2465	11.000000
2466	11.000000
2467	11.000000
2468	11.000000
2469	11.000000
2470	11.000000
2471	11.000000
2472	11.000000
2473	11.000000
2474	11.000000
2475	11.000000
2476	11.000000
2477	11.000000
2478	11.000000
2479	11.000000
2480	11.000000
2481	11.000000
2482	11.000000
2483	11.000000
2484	11.000000
2485	11.000000
2486	11.000000
2487	11.000000
2488	11.000000
2489	11.000000
2490	11.000000
2491	11.000000
2492	11.000000
2493	11.000000
2494	11.000000
2495	11.000000
2496	11.000000
2497	11.000000
2498	11.000000
2499	11.000000
2500	11.000000
2501	11.000000
2502	11.000000
2503	11.000000
2504	11.000000
2505	11.000000
2506	11.000000
2507	11.000000
2508	11.000000
2509	11.000000
2510	11.000000
2511	11.000000
2512	11.000000
2513	11.000000
2514	11.000000
2515	11.000000
2516	11.000000
2517	11.000000
2518	11.000000
2519	11.000000
2520	11.000000
2521	11.000000
2522	11.000000
2523	11.000000
2524	11.000000
2525	11.000000
2526	11.000000
2527	11.000000
2528	11.000000
2529	11.000000
2530	11.000000
2531	11.000000
2532	11.000000
2533	11.000000
2534	11.000000
2535	11.000000
2536	11.000000
2537	11.000000
2538	11.000000
2539	11.000000
2540	11.000000
2541	11.000000
2542	11.000000
2543	11.000000
2544	11.000000
2545	11.000000
2546	11.000000
2547	11.000000
2548	11.000000
2549	11.000000
2550	11.000000
2551	11.000000
2552	11.000000
2553	14.000000
2554	14.000000
2555	14.000000
2556	14.000000
2557	14.000000
2558	14.000000
2559	14.000000
2560	14.000000
2561	14.000000
2562	14.000000
2563	14.000000
2564	14.000000
2565	14.000000
2566	14.000000
2567	14.000000
2568	14.000000
2569	14.000000
2570	14.000000
2571	14.000000
2572	14.000000
2573	14.000000
2574	14.000000
2575	14.000000
2576	14.000000
2577	14.000000
2578	14.000000
2579	14.000000
2580	14.000000
2581	14.000000
2582	14.000000
2583	14.000000
2584	14.000000
2585	14.000000
2586	14.000000
2587	14.000000
2588	14.000000
2589	14.000000
2590	14.000000
2591	14.000000
2592	14.000000
2593	14.000000
2594	14.000000
2595	14.000000
2596	14.000000
2597	14.000000
2598	14.000000
2599	14.000000
2600	14.000000
2601	14.000000
2602	14.000000
2603	14.000000
2604	14.000000
2605	14.000000
2606	14.000000
2607	14.000000
2608	14.000000
2609	14.000000
2610	14.000000
2611	14.000000
2612	14.000000
2613	14.000000
2614	14.000000
2615	14.000000
2616	14.000000
2617	14.000000
2618	14.000000
2619	14.000000
2620	14.000000
2621	14.000000
2622	14.000000
2623	14.000000
2624	14.000000
2625	14.000000
2626	14.000000
2627	14.000000
2628	14.000000
2629	14.000000
2630	14.000000
2631	14.000000
2632	14.000000
2633	14.000000
2634	14.000000
2635	14.000000
2636	14.000000
2637	14.000000
2638	14.000000
2639	14.000000
2640	14.000000
2641	14.000000
2642	14.000000
2643	14.000000
2644	14.000000
2645	14.000000
2646	14.000000
2647	14.000000
2648	14.000000
2649	14.000000
2650	14.000000
2651	14.000000
2652	14.000000
2653	14.000000
2654	14.000000
2655	14.000000
2656	14.000000
2657	14.000000
2658	14.000000
2659	14.000000
2660	14.000000
2661	14.000000
2662	14.000000
2663	14.000000
2664	14.000000
2665	14.000000
2666	14.000000
2667	14.000000
2668	14.000000
2669	14.000000
2670	14.000000
2671	14.000000
2672	14.000000
2673	14.000000
2674	14.000000
2675	14.000000
2676	14.000000
2677	14.000000
2678	14.000000
2679	14.000000
2680	14.000000
2681	14.000000
2682	14.000000
2683	14.000000
2684	14.000000
2685	14.000000
2686	14.000000
2687	14.000000
2688	14.000000
2689	14.000000
2690	14.000000
2691	14.000000
2692	14.000000
2693	14.000000
2694	14.000000
2695	14.000000
2696	14.000000
2697	14.000000
2698	14.000000
2699	14.000000
2700	14.000000
2701	14.000000
2702	14.000000
2703	14.000000
2704	18.200000
2705	18.200000
2706	18.200000
2707	18.200000
2708	18.200000
2709	18.200000
2710	18.200000
2711	18.200000
2712	18.200000
2713	18.200000
2714	18.200000
2715	18.200000
2716	18.200000
2717	18.200000
2718	18.200000
2719	18.200000
2720	18.200000
2721	18.200000
2722	18.200000
2723	18.200000
2724	18.200000
2725	18.200000
2726	18.200000
2727	18.200000
2728	18.200000
2729	18.200000
2730	18.200000
2731	18.200000
2732	18.200000
2733	18.200000
2734	18.200000
2735	18.200000
2736	18.200000
2737	18.200000
2738	18.200000
2739	18.200000
2740	18.200000
2741	18.200000
2742	18.200000
2743	18.200000
2744	18.200000
2745	18.200000
2746	18.200000
2747	18.200000
2748	18.200000
2749	18.200000
2750	18.200000
2751	18.200000
2752	18.200000
2753	18.200000
2754	18.200000
2755	18.200000
2756	18.200000
2757	18.200000
2758	18.200000
2759	18.200000
2760	18.200000
2761	18.200000
2762	18.200000
2763	18.200000
2764	18.200000
2765	18.200000
2766	18.200000
2767	18.200000
2768	18.200000
2769	18.200000
2770	18.200000
2771	18.200000
2772	18.200000
2773	18.200000
2774	18.200000
2775	18.200000
2776	18.200000
2777	18.200000
2778	18.200000
2779	18.200000
2780	18.200000
2781	18.200000
2782	18.200000
2783	18.200000
2784	18.200000
2785	18.200000
2786	18.200000
2787	18.200000
2788	18.200000
2789	18.200000
2790	18.200000
2791	18.200000
2792	18.200000
2793	18.200000
2794	18.200000
2795	18.200000
2796	18.200000
2797	18.200000
2798	18.200000
2799	18.200000
2800	18.200000
2801	18.200000
2802	18.200000
2803	18.200000
2804	18.200000
2805	18.200000
2806	18.200000
2807	18.200000
2808	18.200000
2809	18.200000
2810	18.200000
2811	18.200000
2812	18.200000
2813	18.200000
2814	18.200000
2815	18.200000
2816	18.200000
2817	18.200000
2818	18.200000
2819	18.200000
2820	14.600000
2821	14.600000
2822	14.600000
2823	14.600000
2824	14.600000
2825	14.600000
2826	14.600000
2827	14.600000
2828	14.600000
2829	14.600000
2830	14.600000
2831	14.600000
2832	14.600000
2833	14.600000
2834	14.600000
2835	14.600000
2836	14.600000
2837	14.600000
2838	14.600000
2839	14.600000
2840	14.600000
2841	14.600000
2842	14.600000
2843	14.600000
2844	14.600000
2845	14.600000
2846	14.600000
2847	14.600000
2848	14.600000
2849	14.600000
2850	14.600000
2851	14.600000
2852	14.600000
2853	17.800000
2854	17.800000
2855	17.800000
2856	17.800000
2857	17.800000
2858	17.800000
2859	17.800000
2860	17.800000
2861	17.800000
2862	17.800000
2863	17.800000
2864	17.800000
2865	17.800000
2866	17.800000
2867	17.800000
2868	17.800000
2869	17.800000
2870	17.800000
2871	17.800000
2872	17.800000
2873	17.800000
2874	17.800000
2875	17.800000
2876	17.800000
2877	17.800000
2878	17.800000
2879	17.800000
2880	17.800000
2881	17.800000
2882	17.800000
2883	17.800000
2884	17.800000
2885	17.800000
2886	17.800000
2887	17.800000
2888	17.800000
2889	17.800000
2890	17.800000
2891	17.800000
2892	17.800000
2893	17.800000
2894	17.800000
2895	17.800000
2896	17.800000
2897	17.800000
2898	17.800000
2899	17.800000
2900	17.800000
2901	17.800000
2902	17.800000
2903	16.800000
2904	16.800000
2905	16.800000
2906	16.800000
2907	16.800000
2908	16.800000
2909	16.800000
2910	16.800000
2911	16.800000
2912	16.800000
2913	16.800000
2914	16.800000
2915	16.800000
2916	16.800000
2917	16.800000
2918	16.800000
2919	16.800000
2920	16.800000
2921	16.800000
2922	16.800000
2923	16.800000
2924	16.800000
2925	16.800000
2926	16.800000
2927	16.800000
2928	16.800000
2929	16.800000
2930	16.800000
2931	16.800000
2932	16.800000
2933	16.800000
2934	16.800000
2935	16.800000
2936	16.800000
2937	16.800000
2938	16.800000
2939	16.800000
2940	16.800000
2941	16.800000
2942	16.800000
2943	16.800000
2944	16.800000
2945	16.800000
2946	16.800000
2947	16.800000
2948	16.800000
2949	16.800000
2950	16.800000
2951	16.800000
2952	16.800000
2953	16.800000
2954	16.800000
2955	16.800000
2956	16.800000
2957	16.800000
2958	16.800000
2959	16.800000
2960	16.800000
2961	16.800000
2962	16.800000
2963	16.800000
2964	16.800000
2965	16.800000
2966	16.800000
2967	16.800000
2968	16.800000
2969	16.800000
2970	16.800000
2971	16.800000
2972	16.800000
2973	16.800000
2974	16.800000
2975	16.800000
2976	16.800000
2977	16.800000
2978	16.800000
2979	16.800000
2980	16.800000
2981	16.800000
2982	16.800000
2983	16.800000
2984	16.800000
2985	16.800000
2986	16.800000
2987	16.800000
2988	16.800000
2989	16.800000
2990	16.800000
2991	16.800000
2992	16.800000
2993	16.800000
2994	16.800000
2995	16.800000
2996	16.800000
2997	16.800000
2998	16.800000
2999	16.800000
3000	16.800000
3001	16.800000
3002	16.800000
3003	18.600000
3004	18.600000
3005	18.600000
3006	18.600000
3007	18.600000
3008	18.600000
3009	18.600000
3010	18.600000
3011	18.600000
3012	18.600000
3013	18.600000
3014	18.600000
3015	18.600000
3016	18.600000
3017	18.600000
3018	18.600000
3019	18.600000
3020	18.600000
3021	18.600000
3022	18.600000
3023	18.600000
3024	18.600000
3025	18.600000
3026	18.600000
3027	18.600000
3028	18.600000
3029	18.600000
3030	18.600000
3031	18.600000
3032	18.600000
3033	18.600000
3034	18.600000
3035	18.600000
3036	18.600000
3037	18.600000
3038	18.600000
3039	18.600000
3040	18.600000
3041	18.600000
3042	18.600000
3043	18.600000
3044	18.600000
3045	18.600000
3046	18.600000
3047	18.600000
3048	18.600000
3049	18.600000
3050	18.600000
3051	18.600000
3052	18.600000
3053	12.600000
3054	12.600000
3055	12.600000
3056	12.600000
3057	12.600000
3058	12.600000
3059	12.600000
3060	12.600000
3061	12.600000
3062	12.600000
3063	12.600000
3064	12.600000
3065	12.600000
3066	12.600000
3067	12.600000
3068	12.600000
3069	12.600000
3070	12.600000
3071	12.600000
3072	12.600000
3073	12.600000
3074	12.600000
3075	12.600000
3076	12.600000
3077	12.600000
3078	12.600000
3079	12.600000
3080	12.600000
3081	12.600000
3082	12.600000
3083	12.600000
3084	12.600000
3085	12.600000
3086	12.600000
3087	12.600000
3088	12.600000
3089	12.600000
3090	12.600000
3091	12.600000
3092	12.600000
3093	12.600000
3094	12.600000
3095	12.600000
3096	12.600000
3097	12.600000
3098	12.600000
3099	12.600000
3100	12.600000
3101	12.600000
3102	12.600000
3103	12.600000
3104	12.600000
3105	12.600000
3106	12.600000
3107	12.600000
3108	12.600000
3109	12.600000
3110	12.600000
3111	12.600000
3112	12.600000
3113	12.600000
3114	12.600000
3115	12.600000
3116	12.600000
3117	12.600000
3118	12.600000
3119	12.600000
3120	12.600000
3121	11.400000
3122	11.400000
3123	11.400000
3124	11.400000
3125	11.400000
3126	11.400000
3127	11.400000
3128	11.400000
3129	11.400000
3130	11.400000
3131	11.400000
3132	11.400000
3133	11.400000
3134	11.400000
3135	11.400000
3136	11.400000
3137	11.400000
3138	11.400000
3139	11.400000
3140	11.400000
3141	11.400000
3142	11.400000
3143	11.400000
3144	11.400000
3145	11.400000
3146	11.400000
3147	11.400000
3148	11.400000
3149	11.400000
3150	11.400000
3151	11.400000
3152	11.400000
3153	11.400000
3154	11.400000
3155	11.400000
3156	11.400000
3157	11.400000
3158	11.400000
3159	11.400000
3160	11.400000
3161	11.400000
3162	11.400000
3163	11.400000
3164	11.400000
3165	11.400000
3166	11.400000
3167	11.400000
3168	11.400000
3169	11.400000
3170	11.400000
3171	11.400000
3172	11.400000
3173	11.400000
3174	11.400000
3175	11.400000
3176	11.400000
3177	11.400000
3178	11.400000
3179	11.400000
3180	11.400000
3181	11.400000
3182	11.400000
3183	11.400000
3184	11.400000
3185	11.400000
3186	11.400000
3187	11.400000
3188	11.400000
3189	11.400000
3190	11.400000
3191	11.400000
3192	11.400000
3193	11.400000
3194	11.400000
3195	11.400000
3196	11.400000
3197	11.400000
3198	11.400000
3199	11.400000
3200	11.400000
3201	11.400000
3202	11.400000
3203	11.400000
3204	6.400000
3205	6.400000
3206	6.400000
3207	6.400000
3208	6.400000
3209	6.400000
3210	6.400000
3211	6.400000
3212	6.400000
3213	6.400000
3214	6.400000
3215	6.400000
3216	6.400000
3217	6.400000
3218	6.400000
3219	6.400000
3220	6.400000
3221	6.400000
3222	6.400000
3223	6.400000
3224	6.400000
3225	6.400000
3226	6.400000
3227	6.400000
3228	6.400000
3229	6.400000
3230	6.400000
3231	6.400000
3232	6.400000
3233	6.400000
3234	6.400000
3235	6.400000
3236	6.400000
3237	6.400000
3238	6.400000
3239	6.400000
3240	6.400000
3241	6.400000
3242	6.400000
3243	6.400000
3244	6.400000
3245	6.400000
3246	6.400000
3247	6.400000
3248	6.400000
3249	6.400000
3250	6.400000
3251	6.400000
3252	6.400000
3253	6.400000
3254	6.400000
3255	6.400000
3256	6.400000
3257	6.400000
3258	6.400000
3259	6.400000
3260	6.400000
3261	6.400000
3262	6.400000
3263	6.400000
3264	6.400000
3265	6.400000
3266	6.400000
3267	6.400000
3268	6.400000
3269	6.400000
3270	5.200000
3271	5.200000
3272	5.200000
3273	5.200000
3274	5.200000
3275	5.200000
3276	5.200000
3277	5.200000
3278	5.200000
3279	5.200000
3280	5.200000
3281	5.200000
3282	5.200000
3283	5.200000
3284	5.200000
3285	5.200000
3286	5.200000
3287	5.200000
3288	5.200000
3289	5.200000
3290	5.200000
3291	5.200000
3292	5.200000
3293	5.200000
3294	5.200000
3295	5.200000
3296	5.200000
3297	5.200000
3298	5.200000
3299	5.200000
3300	5.200000
3301	5.200000
3302	5.200000
3303	5.200000
3304	5.200000
3305	5.200000
3306	5.200000
3307	5.200000
3308	5.200000
3309	5.200000
3310	5.200000
3311	5.200000
3312	5.200000
3313	5.200000
3314	5.200000
3315	5.200000
3316	5.200000
3317	5.200000
3318	5.200000
3319	5.200000
3320	5.200000
3321	5.200000
3322	5.200000
3323	5.200000
3324	5.200000
3325	5.200000
3326	5.200000
3327	5.200000
3328	5.200000
3329	5.200000
3330	5.200000
3331	5.200000
3332	5.200000
3333	5.200000
3334	5.200000
3335	5.200000
3336	5.200000
3337	5.200000
3338	5.200000
3339	5.200000
3340	5.200000
3341	5.200000
3342	5.200000
3343	5.200000
3344	5.200000
3345	5.200000
3346	5.200000
3347	5.200000
3348	5.200000
3349	5.200000
3350	5.200000
3351	5.200000
3352	5.200000
3353	2.200000
3354	2.200000
3355	2.200000
3356	2.200000
3357	2.200000
3358	2.200000
3359	2.200000
3360	2.200000
3361	2.200000
3362	2.200000
3363	2.200000
3364	2.200000
3365	2.200000
3366	2.200000
3367	2.200000
3368	2.200000
3369	2.200000
3370	2.200000
3371	2.200000
3372	2.200000
3373	2.200000
3374	2.200000
3375	2.200000
3376	2.200000
3377	2.200000
3378	2.200000
3379	2.200000
3380	2.200000
3381	2.200000
3382	2.200000
3383	2.200000
3384	2.200000
3385	2.200000
3386	2.200000
3387	2.200000
3388	2.200000
3389	2.200000
3390	2.200000
3391	2.200000
3392	2.200000
3393	2.200000
3394	2.200000
3395	2.200000
3396	2.200000
3397	2.200000
3398	2.200000
3399	2.200000
3400	2.200000
3401	2.200000
3402	2.200000
3403	2.200000
3404	2.200000
3405	2.200000
3406	2.200000
3407	2.200000
3408	2.200000
3409	2.200000
3410	2.200000
3411	2.200000
3412	2.200000
3413	2.200000
3414	2.200000
3415	2.200000
3416	2.200000
3417	2.200000
3418	2.200000
3419	2.200000
3420	1.000000
3421	1.000000
3422	1.000000
3423	1.000000
3424	1.000000
3425	1.000000
3426	1.000000
3427	1.000000
3428	1.000000
3429	1.000000
3430	1.000000
3431	1.000000
3432	1.000000
3433	1.000000
3434	1.000000
3435	1.000000
3436	1.000000
3437	1.000000
3438	1.000000
3439	1.000000
3440	1.000000
3441	1.000000
3442	1.000000
3443	1.000000
3444	1.000000
3445	1.000000
3446	1.000000
3447	1.000000
3448	1.000000
3449	1.000000
3450	1.000000
3451	1.000000
3452	1.000000
3453	1.000000
3454	1.000000
3455	1.000000
3456	1.000000
3457	1.000000
3458	1.000000
3459	1.000000
3460	1.000000
3461	1.000000
3462	1.000000
3463	1.000000
3464	1.000000
3465	1.000000
3466	1.000000
3467	1.000000
3468	1.000000
3469	1.000000
3470	1.000000
3471	1.000000
3472	1.000000
3473	1.000000
3474	1.000000
3475	1.000000
3476	1.000000
3477	1.000000
3478	1.000000
3479	1.000000
3480	1.000000
3481	1.000000
3482	1.000000
3483	1.000000
3484	1.000000
3485	1.000000
3486	1.000000
3487	1.000000
3488	1.000000
3489	1.000000
3490	1.000000
3491	1.000000
3492	1.000000
3493	1.000000
3494	1.000000
3495	1.000000
3496	1.000000
3497	1.000000
3498	1.000000
3499	1.000000
3500	1.000000
3501	1.000000
3502	1.000000
3503	0.000000
