0	0.000000
1	4.000000
2	4.000000
3	4.000000
4	4.000000
5	4.000000
6	4.000000
7	4.000000
8	4.000000
9	4.000000
10	4.000000
11	4.000000
12	4.000000
13	4.000000
14	4.000000
15	4.000000
16	4.000000
17	4.000000
18	4.000000
19	4.000000
20	4.000000
21	4.000000
22	4.000000
23	4.000000
24	4.000000
25	4.000000
26	4.000000
27	4.000000
28	4.000000
29	4.000000
30	4.000000
31	4.000000
32	4.000000
33	4.000000
34	4.000000
35	4.000000
36	4.000000
37	4.000000
38	4.000000
39	4.000000
40	4.000000
41	4.000000
42	4.000000
43	4.000000
44	4.000000
45	4.000000
46	4.000000
47	4.000000
48	4.000000
49	4.000000
50	4.000000
51	4.000000
52	4.000000
53	4.000000
54	4.000000
55	4.000000
56	4.000000
57	4.000000
58	4.000000
59	4.000000
60	4.000000
61	4.000000
62	4.000000
63	4.000000
64	4.000000
65	4.000000
66	4.000000
67	4.000000
68	4.000000
69	4.000000
70	4.000000
71	4.000000
72	4.000000
73	4.000000
74	4.000000
75	4.000000
76	4.000000
77	4.000000
78	4.000000
79	4.000000
80	4.000000
81	4.000000
82	4.000000
83	4.000000
84	4.000000
85	4.000000
86	4.000000
87	4.000000
88	4.000000
89	4.000000
90	4.000000
91	4.000000
92	4.000000
93	4.000000
94	4.000000
95	4.000000
96	4.000000
97	4.000000
98	4.000000
99	4.000000
100	4.000000
101	4.000000
102	4.000000
103	4.000000
104	4.000000
105	4.000000
106	4.000000
107	4.000000
108	4.000000
109	4.000000
110	4.000000
111	4.000000
112	4.000000
113	4.000000
114	4.000000
115	4.000000
116	4.000000
117	4.000000
118	4.000000
119	4.000000
120	4.000000
121	4.000000
122	4.000000
123	4.000000
124	4.000000
125	4.000000
126	4.000000
127	4.000000
128	4.000000
129	4.000000
130	4.000000
131	4.000000
132	4.000000
133	4.000000
134	4.000000
135	4.000000
136	4.000000
137	4.000000
138	4.000000
139	4.000000
140	4.000000
141	4.000000
142	4.000000
143	4.000000
144	4.000000
145	4.000000
146	4.000000
147	4.000000
148	4.000000
149	4.000000
150	4.000000
151	4.000000
152	4.000000
153	4.000000
154	4.000000
155	4.000000
156	4.000000
157	4.000000
158	4.000000
159	4.000000
160	4.000000
161	4.000000
162	4.000000
163	4.000000
164	4.000000
165	4.000000
166	4.000000
167	4.000000
168	4.000000
169	4.000000
170	4.000000
171	4.000000
172	4.000000
173	4.000000
174	4.000000
175	4.000000
176	4.000000
177	4.000000
178	4.000000
179	4.000000
180	4.000000
181	4.000000
182	4.000000
183	4.000000
184	4.000000
185	4.000000
186	4.000000
187	4.000000
188	4.000000
189	4.000000
190	4.000000
191	4.000000
192	4.000000
193	4.000000
194	4.000000
195	4.000000
196	4.000000
197	4.000000
198	4.000000
199	4.000000
200	4.000000
201	4.000000
202	4.000000
203	4.000000
204	4.000000
205	4.000000
206	4.000000
207	4.000000
208	4.000000
209	4.000000
210	4.000000
211	4.000000
212	4.000000
213	4.000000
214	4.000000
215	4.000000
216	4.000000
217	4.000000
218	4.000000
219	4.000000
220	4.000000
221	4.000000
222	4.000000
223	4.000000
224	4.000000
225	4.000000
226	4.000000
227	4.000000
228	4.000000
229	4.000000
230	4.000000
231	4.000000
232	4.000000
233	4.000000
234	4.000000
235	4.000000
236	4.000000
237	4.000000
238	4.000000
239	4.000000
240	4.000000
241	4.000000
242	4.000000
243	4.000000
244	4.000000
245	4.000000
246	4.000000
247	4.000000
248	4.000000
249	4.000000
250	4.000000
251	4.000000
252	4.000000
253	4.000000
254	4.000000
255	4.000000
256	4.000000
257	4.000000
258	4.000000
259	4.000000
260	4.000000
261	4.000000
262	4.000000
263	4.000000
264	4.000000
265	4.000000
266	4.000000
267	4.000000
268	4.000000
269	4.000000
270	4.000000
271	4.000000
272	4.000000
273	4.000000
274	4.000000
275	4.000000
276	4.000000
277	4.000000
278	4.000000
279	4.000000
280	4.000000
281	4.000000
282	4.000000
283	4.000000
284	4.000000
285	4.000000
286	4.000000
287	4.000000
288	4.000000
289	4.000000
290	4.000000
291	4.000000
292	4.000000
293	4.000000
294	4.000000
295	4.000000
296	4.000000
297	4.000000
298	4.000000
299	4.000000
300	4.000000
301	4.000000
302	4.000000
303	4.000000
304	4.000000
305	4.000000
306	4.000000
307	4.000000
308	4.000000
309	4.000000
310	4.000000
311	4.000000
312	4.000000
313	4.000000
314	4.000000
315	4.000000
316	4.000000
317	4.000000
318	4.000000
319	4.000000
320	4.000000
321	4.000000
322	4.000000
323	4.000000
324	4.000000
325	4.000000
326	4.000000
327	4.000000
328	4.000000
329	4.000000
330	4.000000
331	4.000000
332	4.000000
333	4.000000
334	4.000000
335	4.000000
336	4.000000
337	4.000000
338	4.000000
339	4.000000
340	4.000000
341	4.000000
342	4.000000
343	4.000000
344	4.000000
345	4.000000
346	4.000000
347	4.000000
348	4.000000
349	4.000000
350	4.000000
351	4.000000
352	4.000000
353	4.000000
354	4.000000
355	4.000000
356	4.000000
357	4.000000
358	4.000000
359	4.000000
360	4.000000
361	4.000000
362	4.000000
363	4.000000
364	4.000000
365	4.000000
366	4.000000
367	4.000000
368	4.000000
369	4.000000
370	4.000000
371	4.000000
372	4.000000
373	4.000000
374	4.000000
375	4.000000
376	4.000000
377	4.000000
378	4.000000
379	4.000000
380	4.000000
381	4.000000
382	4.000000
383	4.000000
384	4.000000
385	4.000000
386	4.000000
387	4.000000
388	4.000000
389	4.000000
390	4.000000
391	4.000000
392	4.000000
393	4.000000
394	4.000000
395	4.000000
396	4.000000
397	4.000000
398	4.000000
399	4.000000
400	4.000000
401	3.200000
402	3.200000
403	3.200000
404	3.200000
405	3.200000
406	3.200000
407	3.200000
408	3.200000
409	3.200000
410	3.200000
411	3.200000
412	3.200000
413	3.200000
414	3.200000
415	3.200000
416	3.200000
417	3.200000
418	3.200000
419	3.200000
420	3.200000
421	3.200000
422	3.200000
423	3.200000
424	3.200000
425	3.200000
426	3.200000
427	3.200000
428	3.200000
429	3.200000
430	3.200000
431	3.200000
432	3.200000
433	3.200000
434	3.200000
435	3.200000
436	3.200000
437	3.200000
438	3.200000
439	3.200000
440	3.200000
441	3.200000
442	3.200000
443	3.200000
444	3.200000
445	3.200000
446	3.200000
447	3.200000
448	3.200000
449	3.200000
450	3.200000
451	3.200000
452	3.200000
453	3.200000
454	3.200000
455	3.200000
456	3.200000
457	3.200000
458	3.200000
459	3.200000
460	3.200000
461	3.200000
462	3.200000
463	3.200000
464	3.200000
465	3.200000
466	3.200000
467	3.200000
468	3.200000
469	3.200000
470	3.200000
471	3.200000
472	3.200000
473	3.200000
474	3.200000
475	3.200000
476	3.200000
477	3.200000
478	3.200000
479	3.200000
480	3.200000
481	3.200000
482	3.200000
483	3.200000
484	3.200000
485	3.200000
486	3.200000
487	3.200000
488	3.200000
489	3.200000
490	3.200000
491	3.200000
492	3.200000
493	3.200000
494	3.200000
495	3.200000
496	3.200000
497	3.200000
498	3.200000
499	3.200000
500	3.200000
501	7.080195
502	7.080195
503	7.080195
504	7.080195
505	7.080195
506	7.080195
507	7.080195
508	7.080195
509	7.080195
510	7.080195
511	7.080195
512	7.080195
513	7.080195
514	7.080195
515	7.080195
516	7.080195
517	7.080195
518	7.080195
519	7.080195
520	7.080195
521	7.080195
522	7.080195
523	7.080195
524	7.080195
525	7.080195
526	7.080195
527	7.080195
528	7.080195
529	7.080195
530	7.080195
531	7.080195
532	7.080195
533	7.080195
534	7.080195
535	7.080195
536	7.080195
537	7.080195
538	7.080195
539	7.080195
540	7.080195
541	9.907973
542	9.907973
543	9.907973
544	9.907973
545	9.907973
546	9.907973
547	9.907973
548	9.907973
549	9.907973
550	9.907973
551	9.907973
552	9.907973
553	9.907973
554	9.907973
555	9.907973
556	9.907973
557	9.907973
558	9.907973
559	9.907973
560	9.907973
561	9.907973
562	9.907973
563	9.907973
564	9.907973
565	9.907973
566	9.907973
567	9.907973
568	14.557973
569	14.557973
570	14.557973
571	14.557973
572	14.557973
573	14.557973
574	14.557973
575	14.557973
576	14.557973
577	14.557973
578	14.557973
579	14.557973
580	14.557973
581	14.557973
582	14.557973
583	14.557973
584	14.557973
585	14.557973
586	14.557973
587	14.557973
588	14.557973
589	14.557973
590	14.557973
591	14.557973
592	14.557973
593	14.557973
594	14.557973
595	14.557973
596	14.557973
597	14.557973
598	14.557973
599	14.557973
600	14.557973
601	15.870238
602	15.870238
603	15.870238
604	15.870238
605	15.870238
606	15.870238
607	15.870238
608	15.870238
609	15.870238
610	15.870238
611	15.870238
612	15.870238
613	15.870238
614	15.870238
615	15.870238
616	15.870238
617	15.870238
618	15.870238
619	15.870238
620	15.870238
621	15.870238
622	15.870238
623	15.870238
624	15.870238
625	15.870238
626	15.870238
627	15.870238
628	15.870238
629	15.870238
630	15.870238
631	15.870238
632	15.870238
633	15.870238
634	15.870238
635	15.870238
636	15.870238
637	15.870238
638	15.870238
639	15.870238
640	15.870238
641	15.870238
642	15.870238
643	15.870238
644	15.870238
645	15.870238
646	15.870238
647	15.870238
648	15.870238
649	15.870238
650	15.870238
651	15.870238
652	15.870238
653	15.870238
654	15.870238
655	15.870238
656	15.870238
657	15.870238
658	15.870238
659	15.870238
660	15.870238
661	15.870238
662	15.870238
663	15.870238
664	15.870238
665	15.870238
666	15.870238
667	15.870238
668	15.870238
669	15.870238
670	15.870238
671	15.870238
672	15.870238
673	15.870238
674	15.870238
675	15.870238
676	15.870238
677	15.870238
678	15.870238
679	15.870238
680	15.870238
681	15.870238
682	15.870238
683	15.870238
684	15.870238
685	15.870238
686	15.870238
687	15.870238
688	15.870238
689	15.870238
690	15.870238
691	15.870238
692	15.870238
693	15.870238
694	15.870238
695	15.870238
696	15.870238
697	15.870238
698	15.870238
699	15.870238
700	15.870238
701	18.866270
702	18.866270
703	18.866270
704	18.866270
705	18.866270
706	18.866270
707	18.866270
708	18.866270
709	18.866270
710	18.866270
711	18.866270
712	18.866270
713	18.866270
714	18.866270
715	18.866270
716	18.866270
717	18.866270
718	18.066270
719	18.066270
720	18.066270
721	18.066270
722	18.066270
723	18.066270
724	18.066270
725	18.066270
726	18.066270
727	18.066270
728	18.066270
729	18.066270
730	18.066270
731	18.066270
732	18.066270
733	18.066270
734	18.066270
735	18.066270
736	18.066270
737	18.066270
738	18.066270
739	17.666270
740	17.666270
741	17.666270
742	17.666270
743	17.666270
744	17.666270
745	17.666270
746	17.666270
747	17.666270
748	17.666270
749	17.666270
750	17.666270
751	17.666270
752	17.666270
753	17.666270
754	17.666270
755	17.666270
756	17.666270
757	17.666270
758	17.666270
759	17.666270
760	17.666270
761	17.666270
762	17.666270
763	17.666270
764	17.666270
765	17.666270
766	17.666270
767	17.666270
768	17.666270
769	17.666270
770	17.666270
771	17.666270
772	17.666270
773	17.666270
774	17.666270
775	17.666270
776	17.666270
777	17.666270
778	17.666270
779	17.666270
780	17.666270
781	17.666270
782	17.666270
783	17.666270
784	17.666270
785	17.666270
786	17.666270
787	17.666270
788	17.666270
789	17.666270
790	17.666270
791	17.666270
792	17.666270
793	17.666270
794	17.666270
795	17.666270
796	17.666270
797	17.666270
798	17.666270
799	17.666270
800	17.666270
801	18.166270
802	18.166270
803	18.166270
804	18.166270
805	18.166270
806	18.166270
807	18.166270
808	18.166270
809	18.166270
810	18.166270
811	18.166270
812	18.166270
813	18.166270
814	18.166270
815	18.166270
816	18.166270
817	18.166270
818	18.166270
819	18.166270
820	18.166270
821	18.166270
822	18.166270
823	18.166270
824	18.166270
825	18.166270
826	18.166270
827	18.166270
828	18.166270
829	18.166270
830	18.166270
831	18.166270
832	18.166270
833	18.166270
834	18.166270
835	18.166270
836	18.166270
837	18.166270
838	18.166270
839	18.166270
840	18.166270
841	18.666270
842	18.666270
843	18.666270
844	18.666270
845	18.666270
846	18.666270
847	18.666270
848	18.666270
849	18.666270
850	18.666270
851	18.666270
852	18.666270
853	18.666270
854	18.666270
855	18.666270
856	18.666270
857	18.666270
858	18.666270
859	18.666270
860	18.666270
861	18.666270
862	18.666270
863	18.666270
864	18.666270
865	18.666270
866	18.666270
867	18.666270
868	19.086270
869	19.086270
870	19.086270
871	19.186270
872	19.852937
873	19.852937
874	19.852937
875	19.852937
876	19.852937
877	19.852937
878	19.852937
879	19.852937
880	19.852937
881	19.852937
882	19.852937
883	19.852937
884	19.852937
885	19.852937
886	19.852937
887	19.852937
888	19.852937
889	19.852937
890	19.852937
891	19.852937
892	19.852937
893	19.852937
894	19.852937
895	19.852937
896	19.852937
897	19.852937
898	19.852937
899	19.852937
900	19.852937
901	19.852937
902	19.852937
903	19.852937
904	19.852937
905	19.852937
906	19.852937
907	19.852937
908	19.852937
909	19.852937
910	19.852937
911	19.852937
912	19.852937
913	19.852937
914	19.852937
915	19.852937
916	19.852937
917	19.852937
918	19.852937
919	19.852937
920	19.852937
921	19.852937
922	19.852937
923	19.852937
924	19.852937
925	19.852937
926	19.852937
927	19.852937
928	19.852937
929	19.852937
930	19.852937
931	19.852937
932	19.852937
933	20.352937
934	20.352937
935	20.352937
936	20.352937
937	20.352937
938	20.352937
939	20.352937
940	20.352937
941	20.352937
942	20.852937
943	20.852937
944	20.852937
945	20.852937
946	20.852937
947	20.852937
948	20.852937
949	20.852937
950	20.852937
951	20.852937
952	21.519603
953	21.519603
954	22.219603
955	22.219603
956	22.219603
957	22.219603
958	22.219603
959	22.219603
960	22.219603
961	22.219603
962	22.219603
963	22.219603
964	22.219603
965	22.219603
966	22.219603
967	22.219603
968	22.219603
969	22.219603
970	22.219603
971	22.219603
972	22.219603
973	22.219603
974	22.219603
975	22.219603
976	22.219603
977	22.219603
978	22.219603
979	22.219603
980	22.219603
981	22.219603
982	22.219603
983	22.219603
984	22.219603
985	22.219603
986	22.219603
987	22.219603
988	22.219603
989	22.219603
990	22.219603
991	22.219603
992	22.219603
993	22.219603
994	22.219603
995	22.219603
996	22.219603
997	22.219603
998	22.219603
999	22.219603
1000	22.219603
1001	22.219603
1002	22.219603
1003	22.219603
1004	22.219603
1005	22.219603
1006	22.219603
1007	22.219603
1008	22.219603
1009	22.219603
1010	22.219603
1011	22.219603
1012	22.219603
1013	22.219603
1014	22.219603
1015	22.219603
1016	22.219603
1017	22.886270
1018	22.886270
1019	24.072937
1020	24.072937
1021	24.072937
1022	24.072937
1023	24.072937
1024	24.939603
1025	24.939603
1026	24.939603
1027	24.939603
1028	24.939603
1029	24.939603
1030	24.939603
1031	24.939603
1032	24.939603
1033	24.939603
1034	25.806270
1035	25.806270
1036	25.806270
1037	25.806270
1038	25.806270
1039	25.806270
1040	25.806270
1041	25.806270
1042	25.806270
1043	25.806270
1044	25.806270
1045	25.806270
1046	25.806270
1047	25.806270
1048	25.806270
1049	25.806270
1050	25.806270
1051	25.806270
1052	25.806270
1053	25.806270
1054	25.806270
1055	25.806270
1056	25.806270
1057	25.806270
1058	25.806270
1059	25.806270
1060	25.806270
1061	25.806270
1062	25.806270
1063	25.806270
1064	25.806270
1065	25.806270
1066	26.472937
1067	26.472937
1068	26.472937
1069	26.472937
1070	26.472937
1071	26.472937
1072	26.472937
1073	26.472937
1074	26.472937
1075	26.472937
1076	26.472937
1077	26.472937
1078	26.472937
1079	26.472937
1080	26.472937
1081	27.222937
1082	27.222937
1083	27.222937
1084	27.222937
1085	27.222937
1086	27.222937
1087	27.222937
1088	27.222937
1089	27.222937
1090	27.222937
1091	27.222937
1092	27.222937
1093	27.222937
1094	27.222937
1095	27.222937
1096	27.222937
1097	27.222937
1098	27.222937
1099	27.222937
1100	27.222937
1101	27.222937
1102	27.222937
1103	27.222937
1104	27.222937
1105	27.222937
1106	27.222937
1107	27.222937
1108	27.222937
1109	27.222937
1110	27.222937
1111	27.222937
1112	27.222937
1113	27.222937
1114	27.222937
1115	27.222937
1116	27.222937
1117	27.222937
1118	27.222937
1119	27.222937
1120	27.222937
1121	27.222937
1122	27.222937
1123	27.222937
1124	27.222937
1125	27.222937
1126	27.222937
1127	27.222937
1128	27.222937
1129	27.222937
1130	27.222937
1131	27.222937
1132	27.222937
1133	27.222937
1134	27.222937
1135	27.222937
1136	27.222937
1137	27.222937
1138	27.222937
1139	27.222937
1140	27.222937
1141	27.572937
1142	27.572937
1143	27.572937
1144	27.572937
1145	27.572937
1146	27.572937
1147	27.572937
1148	27.572937
1149	27.572937
1150	27.572937
1151	25.572937
1152	25.572937
1153	25.572937
1154	25.572937
1155	25.572937
1156	25.572937
1157	25.572937
1158	25.572937
1159	25.572937
1160	25.572937
1161	25.572937
1162	26.522937
1163	26.522937
1164	26.522937
1165	26.522937
1166	26.522937
1167	26.522937
1168	27.272937
1169	27.272937
1170	27.272937
1171	27.272937
1172	27.272937
1173	27.272937
1174	27.272937
1175	27.272937
1176	27.272937
1177	27.272937
1178	27.272937
1179	27.272937
1180	27.272937
1181	27.272937
1182	27.272937
1183	27.272937
1184	27.272937
1185	27.272937
1186	27.272937
1187	27.272937
1188	27.272937
1189	27.272937
1190	27.272937
1191	27.272937
1192	27.272937
1193	27.272937
1194	27.272937
1195	27.272937
1196	27.272937
1197	27.272937
1198	27.272937
1199	27.272937
1200	27.272937
1201	27.272937
1202	27.272937
1203	27.272937
1204	27.272937
1205	27.272937
1206	27.272937
1207	27.272937
1208	27.272937
1209	27.272937
1210	27.272937
1211	27.272937
1212	27.272937
1213	27.272937
1214	27.272937
1215	27.272937
1216	27.272937
1217	27.272937
1218	27.272937
1219	27.272937
1220	27.272937
1221	27.272937
1222	27.272937
1223	27.272937
1224	27.272937
1225	27.272937
1226	27.272937
1227	27.272937
1228	27.272937
1229	27.272937
1230	27.272937
1231	26.272937
1232	26.272937
1233	26.272937
1234	26.272937
1235	26.272937
1236	26.272937
1237	26.272937
1238	26.272937
1239	26.272937
1240	26.272937
1241	26.272937
1242	26.272937
1243	26.272937
1244	26.272937
1245	26.272937
1246	26.272937
1247	26.272937
1248	26.272937
1249	26.272937
1250	26.272937
1251	27.872937
1252	27.872937
1253	27.872937
1254	27.872937
1255	27.872937
1256	27.872937
1257	27.872937
1258	27.872937
1259	27.872937
1260	27.872937
1261	27.872937
1262	27.872937
1263	27.872937
1264	27.872937
1265	27.872937
1266	27.872937
1267	27.872937
1268	27.872937
1269	27.872937
1270	27.872937
1271	27.872937
1272	27.872937
1273	27.872937
1274	27.872937
1275	27.872937
1276	28.672937
1277	28.672937
1278	28.672937
1279	28.672937
1280	28.672937
1281	28.672937
1282	28.672937
1283	28.672937
1284	28.672937
1285	28.672937
1286	28.672937
1287	28.672937
1288	28.672937
1289	28.672937
1290	28.672937
1291	28.672937
1292	28.672937
1293	28.672937
1294	28.672937
1295	28.672937
1296	28.672937
1297	28.672937
1298	28.672937
1299	28.672937
1300	28.672937
1301	27.152937
1302	27.152937
1303	27.152937
1304	27.152937
1305	27.152937
1306	27.152937
1307	27.152937
1308	27.152937
1309	27.152937
1310	27.152937
1311	26.152937
1312	26.152937
1313	26.152937
1314	26.152937
1315	26.152937
1316	26.152937
1317	26.152937
1318	26.152937
1319	26.152937
1320	26.152937
1321	26.152937
1322	26.152937
1323	26.152937
1324	26.152937
1325	26.152937
1326	26.152937
1327	26.152937
1328	26.152937
1329	26.152937
1330	26.152937
1331	26.152937
1332	26.152937
1333	26.152937
1334	26.152937
1335	26.152937
1336	26.152937
1337	26.152937
1338	26.152937
1339	26.952937
1340	26.952937
1341	25.952937
1342	25.952937
1343	25.952937
1344	25.952937
1345	25.952937
1346	25.952937
1347	25.952937
1348	25.952937
1349	25.952937
1350	25.952937
1351	25.952937
1352	25.952937
1353	25.952937
1354	25.952937
1355	25.952937
1356	25.952937
1357	25.952937
1358	25.952937
1359	25.952937
1360	25.952937
1361	25.952937
1362	25.952937
1363	25.952937
1364	25.952937
1365	25.952937
1366	25.952937
1367	25.952937
1368	25.952937
1369	25.952937
1370	25.952937
1371	24.752937
1372	23.752937
1373	23.752937
1374	23.752937
1375	23.752937
1376	23.752937
1377	23.752937
1378	23.752937
1379	23.752937
1380	23.752937
1381	23.752937
1382	23.752937
1383	23.752937
1384	23.752937
1385	23.752937
1386	23.752937
1387	23.752937
1388	23.752937
1389	23.752937
1390	23.752937
1391	23.752937
1392	23.752937
1393	23.752937
1394	23.752937
1395	23.752937
1396	23.752937
1397	23.752937
1398	23.752937
1399	23.752937
1400	23.752937
1401	25.419603
1402	25.419603
1403	25.419603
1404	25.419603
1405	25.419603
1406	25.419603
1407	25.419603
1408	25.419603
1409	25.419603
1410	25.419603
1411	25.419603
1412	25.419603
1413	25.419603
1414	25.419603
1415	25.419603
1416	25.419603
1417	25.419603
1418	25.419603
1419	25.419603
1420	25.419603
1421	25.419603
1422	25.419603
1423	25.419603
1424	25.419603
1425	25.419603
1426	25.419603
1427	25.419603
1428	25.419603
1429	25.419603
1430	25.419603
1431	25.419603
1432	25.419603
1433	24.419603
1434	24.419603
1435	24.419603
1436	24.419603
1437	24.419603
1438	24.419603
1439	24.419603
1440	24.419603
1441	23.219603
1442	22.219603
1443	22.219603
1444	22.219603
1445	22.219603
1446	22.219603
1447	22.219603
1448	22.219603
1449	22.219603
1450	22.219603
1451	21.019603
1452	20.019603
1453	20.019603
1454	20.019603
1455	20.019603
1456	20.019603
1457	20.019603
1458	18.819603
1459	18.819603
1460	18.819603
1461	18.819603
1462	18.819603
1463	18.819603
1464	18.819603
1465	18.819603
1466	18.819603
1467	18.819603
1468	19.372937
1469	19.372937
1470	19.372937
1471	19.372937
1472	19.372937
1473	19.372937
1474	19.372937
1475	19.372937
1476	19.372937
1477	19.372937
1478	19.372937
1479	19.372937
1480	19.372937
1481	19.372937
1482	19.372937
1483	19.372937
1484	19.372937
1485	19.372937
1486	19.372937
1487	19.372937
1488	19.372937
1489	19.372937
1490	19.372937
1491	19.372937
1492	19.372937
1493	19.372937
1494	19.372937
1495	19.372937
1496	19.372937
1497	19.372937
1498	19.372937
1499	19.372937
1500	19.372937
1501	19.852937
1502	19.852937
1503	19.852937
1504	19.852937
1505	19.852937
1506	19.852937
1507	19.852937
1508	19.852937
1509	19.852937
1510	19.852937
1511	19.852937
1512	19.852937
1513	19.852937
1514	19.852937
1515	19.852937
1516	19.852937
1517	18.852937
1518	18.852937
1519	18.852937
1520	18.852937
1521	18.852937
1522	18.852937
1523	18.852937
1524	18.852937
1525	18.852937
1526	18.852937
1527	18.852937
1528	18.852937
1529	18.852937
1530	18.852937
1531	18.852937
1532	18.852937
1533	18.852937
1534	18.852937
1535	18.852937
1536	18.852937
1537	18.852937
1538	18.852937
1539	18.852937
1540	18.852937
1541	18.852937
1542	18.852937
1543	18.852937
1544	18.852937
1545	18.852937
1546	18.852937
1547	18.852937
1548	18.852937
1549	18.852937
1550	18.852937
1551	18.852937
1552	19.367222
1553	19.367222
1554	19.367222
1555	19.367222
1556	19.367222
1557	19.367222
1558	19.367222
1559	19.367222
1560	19.367222
1561	19.367222
1562	19.367222
1563	19.367222
1564	19.367222
1565	19.367222
1566	18.367222
1567	18.367222
1568	18.367222
1569	18.367222
1570	18.367222
1571	18.367222
1572	18.367222
1573	17.767222
1574	17.767222
1575	17.767222
1576	17.767222
1577	17.767222
1578	17.767222
1579	16.567222
1580	16.567222
1581	15.567222
1582	15.567222
1583	15.567222
1584	15.567222
1585	15.567222
1586	15.567222
1587	15.567222
1588	15.567222
1589	15.567222
1590	15.567222
1591	15.567222
1592	15.567222
1593	15.567222
1594	15.567222
1595	15.567222
1596	15.567222
1597	15.567222
1598	15.567222
1599	15.567222
1600	15.567222
1601	15.567222
1602	15.567222
1603	15.567222
1604	15.567222
1605	15.567222
1606	15.567222
1607	15.567222
1608	15.567222
1609	15.567222
1610	15.567222
1611	15.567222
1612	15.567222
1613	15.567222
1614	15.567222
1615	15.567222
1616	15.567222
1617	15.567222
1618	15.567222
1619	15.567222
1620	15.567222
1621	15.567222
1622	15.567222
1623	15.567222
1624	15.567222
1625	15.567222
1626	15.567222
1627	15.567222
1628	15.567222
1629	14.367222
1630	14.367222
1631	14.367222
1632	14.367222
1633	14.367222
1634	14.367222
1635	14.367222
1636	14.367222
1637	14.367222
1638	14.367222
1639	14.367222
1640	14.367222
1641	14.367222
1642	14.367222
1643	14.367222
1644	14.367222
1645	14.367222
1646	14.367222
1647	14.367222
1648	14.367222
1649	14.367222
1650	14.367222
1651	14.367222
1652	14.367222
1653	14.367222
1654	14.367222
1655	14.367222
1656	14.367222
1657	14.367222
1658	14.367222
1659	14.367222
1660	14.367222
1661	14.367222
1662	14.367222
1663	14.367222
1664	14.367222
1665	14.367222
1666	14.367222
1667	14.367222
1668	13.367222
1669	13.367222
1670	13.367222
1671	13.367222
1672	13.367222
1673	13.367222
1674	13.367222
1675	13.367222
1676	13.367222
1677	13.367222
1678	13.367222
1679	13.367222
1680	13.367222
1681	13.367222
1682	13.367222
1683	13.367222
1684	13.367222
1685	13.367222
1686	13.367222
1687	13.367222
1688	13.367222
1689	13.367222
1690	13.367222
1691	13.367222
1692	13.367222
1693	13.367222
1694	13.367222
1695	13.367222
1696	13.367222
1697	13.367222
1698	13.367222
1699	13.367222
1700	13.367222
1701	14.242222
1702	13.042222
1703	13.042222
1704	13.042222
1705	12.442222
1706	12.442222
1707	12.442222
1708	12.442222
1709	12.442222
1710	12.442222
1711	12.442222
1712	12.442222
1713	12.442222
1714	12.442222
1715	12.442222
1716	12.442222
1717	12.442222
1718	12.442222
1719	12.442222
1720	12.442222
1721	12.442222
1722	12.442222
1723	12.442222
1724	12.442222
1725	12.442222
1726	12.442222
1727	12.442222
1728	12.442222
1729	12.442222
1730	12.442222
1731	12.442222
1732	12.442222
1733	12.442222
1734	12.442222
1735	12.442222
1736	12.442222
1737	12.442222
1738	12.442222
1739	12.442222
1740	12.442222
1741	12.442222
1742	12.442222
1743	12.442222
1744	12.442222
1745	12.442222
1746	12.442222
1747	12.442222
1748	12.442222
1749	12.442222
1750	12.442222
1751	10.442222
1752	10.442222
1753	10.442222
1754	10.442222
1755	10.442222
1756	10.442222
1757	10.442222
1758	10.442222
1759	10.442222
1760	10.442222
1761	10.442222
1762	10.442222
1763	10.442222
1764	10.442222
1765	10.442222
1766	10.442222
1767	10.442222
1768	10.442222
1769	10.442222
1770	10.442222
1771	10.442222
1772	10.442222
1773	10.442222
1774	10.442222
1775	10.442222
1776	9.442222
1777	9.442222
1778	9.442222
1779	9.442222
1780	9.442222
1781	9.442222
1782	9.442222
1783	9.442222
1784	9.442222
1785	9.442222
1786	9.442222
1787	9.442222
1788	9.442222
1789	9.442222
1790	9.442222
1791	9.442222
1792	9.442222
1793	9.442222
1794	9.442222
1795	9.442222
1796	9.442222
1797	9.442222
1798	9.442222
1799	9.442222
1800	9.442222
1801	9.442222
1802	9.442222
1803	9.442222
1804	9.442222
1805	9.442222
1806	9.442222
1807	9.442222
1808	9.442222
1809	9.442222
1810	9.442222
1811	9.442222
1812	9.442222
1813	9.442222
1814	9.442222
1815	9.442222
1816	9.442222
1817	9.442222
1818	9.442222
1819	9.442222
1820	9.442222
1821	9.442222
1822	9.442222
1823	9.442222
1824	9.442222
1825	9.442222
1826	9.442222
1827	9.442222
1828	9.442222
1829	9.442222
1830	9.442222
1831	9.442222
1832	9.442222
1833	9.442222
1834	9.442222
1835	9.442222
1836	9.442222
1837	9.442222
1838	9.442222
1839	8.442222
1840	8.442222
1841	8.442222
1842	8.442222
1843	8.442222
1844	8.442222
1845	8.442222
1846	8.442222
1847	8.442222
1848	8.442222
1849	8.442222
1850	8.442222
1851	8.442222
1852	8.442222
1853	6.642222
1854	6.642222
1855	6.642222
1856	6.642222
1857	6.642222
1858	6.642222
1859	6.642222
1860	6.642222
1861	6.642222
1862	6.642222
1863	6.642222
1864	6.642222
1865	6.642222
1866	6.642222
1867	6.642222
1868	6.642222
1869	6.642222
1870	6.642222
1871	6.642222
1872	6.642222
1873	6.642222
1874	6.642222
1875	6.642222
1876	7.731111
1877	7.731111
1878	7.731111
1879	7.731111
1880	7.731111
1881	7.731111
1882	7.731111
1883	7.731111
1884	7.731111
1885	7.731111
1886	7.731111
1887	7.731111
1888	7.731111
1889	7.731111
1890	7.731111
1891	8.340000
1892	8.340000
1893	8.340000
1894	8.340000
1895	8.340000
1896	8.340000
1897	8.340000
1898	8.340000
1899	8.340000
1900	8.340000
1901	6.340000
1902	6.340000
1903	6.340000
1904	6.340000
1905	6.340000
1906	6.340000
1907	6.340000
1908	6.340000
1909	6.340000
1910	6.340000
1911	6.340000
1912	6.340000
1913	6.340000
1914	6.340000
1915	6.340000
1916	6.340000
1917	6.340000
1918	6.340000
1919	6.340000
1920	6.340000
1921	6.340000
1922	6.340000
1923	6.340000
1924	6.340000
1925	6.340000
1926	6.340000
1927	6.340000
1928	6.340000
1929	6.340000
1930	6.340000
1931	6.340000
1932	6.340000
1933	6.340000
1934	6.340000
1935	6.340000
1936	6.340000
1937	6.340000
1938	6.340000
1939	6.340000
1940	6.340000
1941	6.340000
1942	6.340000
1943	6.340000
1944	6.340000
1945	6.340000
1946	6.340000
1947	6.340000
1948	6.340000
1949	6.340000
1950	6.340000
1951	6.340000
1952	6.340000
1953	6.340000
1954	6.340000
1955	6.340000
1956	6.340000
1957	6.340000
1958	6.340000
1959	6.340000
1960	6.340000
1961	6.340000
1962	6.340000
1963	6.340000
1964	6.340000
1965	6.340000
1966	6.340000
1967	6.340000
1968	6.340000
1969	6.340000
1970	6.340000
1971	6.340000
1972	6.340000
1973	6.340000
1974	6.340000
1975	5.740000
1976	5.740000
1977	5.740000
1978	5.740000
1979	5.740000
1980	5.740000
1981	5.740000
1982	5.740000
1983	5.740000
1984	5.740000
1985	5.740000
1986	5.740000
1987	5.740000
1988	5.740000
1989	5.740000
1990	5.740000
1991	5.740000
1992	5.740000
1993	5.740000
1994	5.740000
1995	5.740000
1996	5.740000
1997	5.740000
1998	5.740000
1999	5.740000
2000	5.740000
2001	6.220000
2002	6.220000
2003	6.220000
2004	6.220000
2005	6.220000
2006	6.220000
2007	6.220000
2008	6.220000
2009	6.220000
2010	6.220000
2011	6.220000
2012	6.220000
2013	6.220000
2014	6.220000
2015	6.220000
2016	6.220000
2017	6.220000
2018	6.220000
2019	6.220000
2020	6.220000
2021	6.220000
2022	6.220000
2023	6.220000
2024	6.220000
2025	6.220000
2026	6.220000
2027	6.220000
2028	6.220000
2029	6.220000
2030	6.220000
2031	6.220000
2032	6.220000
2033	6.220000
2034	6.220000
2035	6.220000
2036	6.220000
2037	6.220000
2038	6.220000
2039	6.220000
2040	6.220000
2041	6.220000
2042	6.840000
2043	6.840000
2044	6.840000
2045	6.840000
2046	6.840000
2047	6.840000
2048	6.840000
2049	6.840000
2050	6.840000
2051	6.840000
2052	4.840000
2053	4.840000
2054	4.840000
2055	4.840000
2056	4.840000
2057	4.840000
2058	4.840000
2059	4.840000
2060	4.840000
2061	4.840000
2062	4.840000
2063	4.840000
2064	4.840000
2065	4.840000
2066	4.840000
2067	4.840000
2068	4.840000
2069	4.840000
2070	4.840000
2071	4.840000
2072	4.840000
2073	4.840000
2074	4.840000
2075	4.840000
2076	4.840000
2077	4.840000
2078	4.840000
2079	4.840000
2080	4.840000
2081	4.840000
2082	4.840000
2083	4.840000
2084	4.840000
2085	4.840000
2086	4.840000
2087	4.840000
2088	4.840000
2089	4.840000
2090	4.840000
2091	4.840000
2092	4.840000
2093	4.840000
2094	4.840000
2095	4.840000
2096	4.840000
2097	4.840000
2098	3.640000
2099	3.640000
2100	3.640000
2101	3.640000
2102	3.640000
2103	3.640000
2104	3.640000
2105	3.640000
2106	3.640000
2107	3.640000
2108	3.640000
2109	3.640000
2110	3.640000
2111	3.640000
2112	3.640000
2113	3.640000
2114	3.640000
2115	3.640000
2116	3.640000
2117	3.640000
2118	3.640000
2119	3.640000
2120	3.640000
2121	3.640000
2122	3.640000
2123	3.640000
2124	3.640000
2125	3.640000
2126	3.640000
2127	3.640000
2128	3.640000
2129	3.640000
2130	3.640000
2131	3.640000
2132	3.640000
2133	3.640000
2134	3.640000
2135	3.640000
2136	3.640000
2137	3.640000
2138	3.640000
2139	3.640000
2140	3.640000
2141	3.640000
2142	3.640000
2143	3.640000
2144	3.640000
2145	3.640000
2146	3.640000
2147	3.640000
2148	3.640000
2149	3.640000
2150	3.640000
2151	3.640000
2152	3.640000
2153	3.640000
2154	3.640000
2155	3.640000
2156	3.640000
2157	3.640000
2158	3.640000
2159	3.640000
2160	3.640000
2161	3.640000
2162	3.640000
2163	3.640000
2164	3.640000
2165	3.640000
2166	3.640000
2167	3.640000
2168	3.640000
2169	3.640000
2170	3.640000
2171	3.640000
2172	3.640000
2173	3.640000
2174	3.640000
2175	3.640000
2176	3.640000
2177	3.640000
2178	3.640000
2179	3.640000
2180	3.640000
2181	3.640000
2182	3.640000
2183	3.640000
2184	3.640000
2185	3.640000
2186	3.640000
2187	3.640000
2188	3.640000
2189	3.640000
2190	3.640000
2191	3.640000
2192	3.640000
2193	3.640000
2194	3.640000
2195	3.640000
2196	3.640000
2197	3.640000
2198	3.640000
2199	3.640000
2200	3.640000
2201	2.640000
2202	2.640000
2203	2.640000
2204	2.640000
2205	2.640000
2206	2.640000
2207	2.640000
2208	2.640000
2209	2.640000
2210	2.640000
2211	2.640000
2212	2.640000
2213	2.640000
2214	2.640000
2215	2.640000
2216	2.640000
2217	2.640000
2218	2.640000
2219	2.640000
2220	2.640000
2221	2.640000
2222	2.640000
2223	2.640000
2224	2.640000
2225	2.640000
2226	2.640000
2227	2.640000
2228	2.640000
2229	2.640000
2230	2.640000
2231	2.640000
2232	2.640000
2233	2.640000
2234	2.640000
2235	2.640000
2236	2.640000
2237	2.640000
2238	2.640000
2239	2.640000
2240	2.640000
2241	2.640000
2242	2.640000
2243	2.640000
2244	2.640000
2245	2.640000
2246	2.640000
2247	2.640000
2248	2.640000
2249	2.640000
2250	2.640000
2251	2.640000
2252	2.640000
2253	2.640000
2254	2.640000
2255	2.640000
2256	2.640000
2257	2.640000
2258	2.640000
2259	2.640000
2260	2.640000
2261	2.640000
2262	2.640000
2263	2.640000
2264	2.640000
2265	2.640000
2266	2.640000
2267	2.640000
2268	2.640000
2269	2.640000
2270	2.640000
2271	2.640000
2272	2.640000
2273	2.640000
2274	2.640000
2275	2.640000
2276	2.640000
2277	2.640000
2278	2.640000
2279	2.640000
2280	2.640000
2281	2.640000
2282	2.640000
2283	2.640000
2284	2.640000
2285	2.640000
2286	2.640000
2287	2.640000
2288	2.640000
2289	2.640000
2290	2.640000
2291	2.640000
2292	2.640000
2293	1.440000
2294	1.440000
2295	1.440000
2296	1.440000
2297	1.440000
2298	1.440000
2299	1.440000
2300	1.440000
2301	1.440000
2302	1.440000
2303	1.440000
2304	1.440000
2305	1.440000
2306	1.440000
2307	1.440000
2308	1.440000
2309	1.440000
2310	1.440000
2311	1.440000
2312	1.440000
2313	1.440000
2314	1.440000
2315	1.440000
2316	1.440000
2317	1.440000
2318	1.440000
2319	1.440000
2320	1.440000
2321	1.440000
2322	1.440000
2323	1.440000
2324	1.440000
2325	1.440000
2326	1.440000
2327	1.440000
2328	1.440000
2329	1.440000
2330	1.440000
2331	1.440000
2332	1.440000
2333	1.440000
2334	1.440000
2335	1.440000
2336	1.440000
2337	1.440000
2338	1.440000
2339	1.440000
2340	1.440000
2341	1.440000
2342	1.440000
2343	1.440000
2344	1.440000
2345	1.440000
2346	1.440000
2347	1.440000
2348	1.440000
2349	1.440000
2350	1.440000
2351	1.440000
2352	1.440000
2353	1.440000
2354	1.440000
2355	1.440000
2356	1.440000
2357	1.440000
2358	1.440000
2359	1.440000
2360	1.440000
2361	1.440000
2362	1.440000
2363	1.440000
2364	1.440000
2365	1.440000
2366	1.440000
2367	1.440000
2368	1.440000
2369	1.440000
2370	1.440000
2371	1.440000
2372	1.440000
2373	1.440000
2374	1.440000
2375	1.440000
2376	1.440000
2377	1.440000
2378	1.440000
2379	1.440000
2380	1.440000
2381	1.440000
2382	1.440000
2383	1.440000
2384	1.440000
2385	1.440000
2386	1.440000
2387	1.440000
2388	1.440000
2389	1.440000
2390	1.440000
2391	1.440000
2392	1.440000
2393	1.440000
2394	1.440000
2395	1.440000
2396	1.440000
2397	1.440000
2398	1.440000
2399	1.440000
2400	1.440000
2401	1.920000
2402	1.920000
2403	1.920000
2404	1.920000
2405	1.920000
2406	1.920000
2407	1.920000
2408	1.920000
2409	1.920000
2410	1.920000
2411	1.920000
2412	1.920000
2413	1.920000
2414	1.920000
2415	1.920000
2416	1.920000
2417	1.920000
2418	1.920000
2419	1.920000
2420	1.920000
2421	1.920000
2422	1.920000
2423	1.920000
2424	1.920000
2425	1.920000
2426	1.920000
2427	1.920000
2428	1.920000
2429	1.920000
2430	1.920000
2431	1.920000
2432	1.920000
2433	1.920000
2434	1.920000
2435	1.920000
2436	1.920000
2437	1.920000
2438	1.920000
2439	1.920000
2440	1.920000
2441	1.920000
2442	1.920000
2443	1.920000
2444	1.920000
2445	1.920000
2446	1.920000
2447	1.920000
2448	1.920000
2449	1.920000
2450	1.920000
2451	1.920000
2452	1.920000
2453	1.920000
2454	1.920000
2455	1.920000
2456	1.920000
2457	1.920000
2458	1.920000
2459	1.920000
2460	1.920000
2461	1.920000
2462	1.920000
2463	1.920000
2464	1.920000
2465	1.920000
2466	1.920000
2467	1.920000
2468	1.920000
2469	1.920000
2470	1.920000
2471	1.920000
2472	1.920000
2473	1.920000
2474	1.920000
2475	1.920000
2476	1.920000
2477	1.920000
2478	1.920000
2479	1.920000
2480	1.920000
2481	1.920000
2482	1.920000
2483	1.920000
2484	1.920000
2485	1.920000
2486	1.920000
2487	1.920000
2488	1.920000
2489	1.920000
2490	1.920000
2491	1.920000
2492	1.920000
2493	1.920000
2494	1.920000
2495	1.920000
2496	1.920000
2497	1.920000
2498	1.920000
2499	1.920000
2500	1.920000
2501	1.920000
2502	1.920000
2503	1.920000
2504	1.920000
2505	1.920000
2506	1.920000
2507	1.920000
2508	1.920000
2509	1.920000
2510	1.920000
2511	1.920000
2512	0.720000
2513	0.720000
2514	0.720000
2515	0.720000
2516	0.720000
2517	0.720000
2518	0.720000
2519	0.720000
2520	0.720000
2521	0.720000
2522	0.720000
2523	0.720000
2524	0.720000
2525	0.720000
2526	0.720000
2527	0.720000
2528	0.720000
2529	0.720000
2530	0.720000
2531	0.720000
2532	0.720000
2533	0.720000
2534	0.720000
2535	0.720000
2536	0.720000
2537	0.720000
2538	0.720000
2539	0.720000
2540	0.720000
2541	0.720000
2542	0.720000
2543	0.720000
2544	0.720000
2545	0.720000
2546	0.720000
2547	0.720000
2548	0.720000
2549	0.720000
2550	0.720000
2551	0.720000
2552	0.720000
2553	0.720000
2554	0.720000
2555	0.720000
2556	0.720000
2557	0.720000
2558	0.720000
2559	0.720000
2560	0.720000
2561	0.720000
2562	0.720000
2563	0.720000
2564	0.720000
2565	0.720000
2566	0.720000
2567	0.720000
2568	0.720000
2569	0.720000
2570	0.720000
2571	0.720000
2572	0.720000
2573	0.720000
2574	0.720000
2575	0.720000
2576	0.720000
2577	0.720000
2578	0.720000
2579	0.720000
2580	0.720000
2581	0.720000
2582	0.720000
2583	0.720000
2584	0.720000
2585	0.720000
2586	0.720000
2587	0.720000
2588	0.720000
2589	0.720000
2590	0.720000
2591	0.720000
2592	0.720000
2593	0.720000
2594	0.720000
2595	0.720000
2596	0.720000
2597	0.720000
2598	0.720000
2599	0.720000
2600	0.720000
2601	1.200000
2602	1.200000
2603	1.200000
2604	1.200000
2605	1.200000
2606	1.200000
2607	1.200000
2608	1.200000
2609	1.200000
2610	1.200000
2611	1.200000
2612	1.200000
2613	1.200000
2614	1.200000
2615	1.200000
2616	1.200000
2617	1.200000
2618	1.200000
2619	1.200000
2620	1.200000
2621	1.200000
2622	1.200000
2623	1.200000
2624	1.200000
2625	1.200000
2626	1.200000
2627	1.200000
2628	1.200000
2629	1.200000
2630	1.200000
2631	1.200000
2632	1.200000
2633	1.200000
2634	1.200000
2635	1.200000
2636	1.200000
2637	1.200000
2638	1.200000
2639	1.200000
2640	1.200000
2641	1.200000
2642	1.200000
2643	1.200000
2644	1.200000
2645	1.200000
2646	1.200000
2647	1.200000
2648	1.200000
2649	1.200000
2650	1.200000
2651	1.200000
2652	1.200000
2653	1.200000
2654	1.200000
2655	1.200000
2656	1.200000
2657	1.200000
2658	1.200000
2659	1.200000
2660	1.200000
2661	1.200000
2662	1.200000
2663	1.200000
2664	1.200000
2665	1.200000
2666	1.200000
2667	1.200000
2668	1.200000
2669	1.200000
2670	1.200000
2671	1.200000
2672	1.200000
2673	1.200000
2674	1.200000
2675	1.200000
2676	1.200000
2677	1.200000
2678	1.200000
2679	1.200000
2680	1.200000
2681	1.200000
2682	1.200000
