0	0.000000
1	4.000000
2	4.000000
3	4.000000
4	4.000000
5	4.000000
6	4.000000
7	4.000000
8	4.000000
9	4.000000
10	4.000000
11	4.000000
12	4.000000
13	4.000000
14	4.000000
15	4.000000
16	4.000000
17	4.000000
18	4.000000
19	4.000000
20	4.000000
21	4.000000
22	4.000000
23	4.000000
24	4.000000
25	4.000000
26	4.000000
27	4.000000
28	4.000000
29	4.000000
30	4.000000
31	4.000000
32	4.000000
33	4.000000
34	4.000000
35	4.000000
36	4.000000
37	4.000000
38	4.000000
39	4.000000
40	4.000000
41	4.000000
42	4.000000
43	4.000000
44	4.000000
45	4.000000
46	4.000000
47	4.000000
48	4.000000
49	4.000000
50	4.000000
51	4.000000
52	4.000000
53	4.000000
54	4.000000
55	4.000000
56	4.000000
57	4.000000
58	4.000000
59	4.000000
60	4.000000
61	4.000000
62	4.000000
63	4.000000
64	4.000000
65	4.000000
66	4.000000
67	4.000000
68	4.000000
69	4.000000
70	4.000000
71	4.000000
72	4.000000
73	4.000000
74	4.000000
75	4.000000
76	4.000000
77	4.000000
78	4.000000
79	4.000000
80	4.000000
81	4.000000
82	4.000000
83	4.000000
84	4.000000
85	4.000000
86	4.000000
87	4.000000
88	4.000000
89	4.000000
90	4.000000
91	4.000000
92	4.000000
93	4.000000
94	4.000000
95	4.000000
96	4.000000
97	4.000000
98	4.000000
99	4.000000
100	4.000000
101	4.000000
102	4.000000
103	4.000000
104	4.000000
105	4.000000
106	4.000000
107	4.000000
108	4.000000
109	4.000000
110	4.000000
111	4.000000
112	4.000000
113	4.000000
114	4.000000
115	4.000000
116	4.000000
117	4.000000
118	4.000000
119	4.000000
120	4.000000
121	4.000000
122	4.000000
123	4.000000
124	4.000000
125	4.000000
126	4.000000
127	4.000000
128	4.000000
129	4.000000
130	4.000000
131	4.000000
132	4.000000
133	4.000000
134	4.000000
135	4.000000
136	4.000000
137	4.000000
138	4.000000
139	4.000000
140	4.000000
141	4.000000
142	4.000000
143	4.000000
144	4.000000
145	4.000000
146	4.000000
147	4.000000
148	4.000000
149	4.000000
150	4.000000
151	4.000000
152	4.000000
153	4.000000
154	4.000000
155	4.000000
156	4.000000
157	4.000000
158	4.000000
159	4.000000
160	4.000000
161	4.000000
162	4.000000
163	4.000000
164	4.000000
165	4.000000
166	4.000000
167	4.000000
168	4.000000
169	4.000000
170	4.000000
171	4.000000
172	4.000000
173	4.000000
174	4.000000
175	4.000000
176	4.000000
177	4.000000
178	4.000000
179	4.000000
180	4.000000
181	4.000000
182	4.000000
183	4.000000
184	4.000000
185	4.000000
186	4.000000
187	4.000000
188	4.000000
189	4.000000
190	4.000000
191	4.000000
192	4.000000
193	4.000000
194	4.000000
195	4.000000
196	4.000000
197	4.000000
198	4.000000
199	4.000000
200	4.000000
201	4.000000
202	4.000000
203	4.000000
204	4.000000
205	4.000000
206	4.000000
207	4.000000
208	4.000000
209	4.000000
210	4.000000
211	4.000000
212	4.000000
213	4.000000
214	4.000000
215	4.000000
216	4.000000
217	4.000000
218	4.000000
219	4.000000
220	4.000000
221	4.000000
222	4.000000
223	4.000000
224	4.000000
225	4.000000
226	4.000000
227	4.000000
228	4.000000
229	4.000000
230	4.000000
231	4.000000
232	4.000000
233	4.000000
234	4.000000
235	4.000000
236	4.000000
237	4.000000
238	4.000000
239	4.000000
240	4.000000
241	4.000000
242	4.000000
243	4.000000
244	4.000000
245	4.000000
246	4.000000
247	4.000000
248	4.000000
249	4.000000
250	4.000000
251	4.000000
252	4.000000
253	4.000000
254	4.000000
255	4.000000
256	4.000000
257	4.000000
258	4.000000
259	4.000000
260	4.000000
261	4.000000
262	4.000000
263	4.000000
264	4.000000
265	4.000000
266	4.000000
267	4.000000
268	4.000000
269	4.000000
270	4.000000
271	4.000000
272	4.000000
273	4.000000
274	4.000000
275	4.000000
276	4.000000
277	4.000000
278	4.000000
279	4.000000
280	4.000000
281	4.000000
282	4.000000
283	4.000000
284	4.000000
285	4.000000
286	4.000000
287	4.000000
288	4.000000
289	4.000000
290	4.000000
291	4.000000
292	4.000000
293	4.000000
294	4.000000
295	4.000000
296	4.000000
297	4.000000
298	4.000000
299	4.000000
300	4.000000
301	4.000000
302	4.000000
303	4.000000
304	4.000000
305	4.000000
306	4.000000
307	4.000000
308	4.000000
309	4.000000
310	4.000000
311	4.000000
312	4.000000
313	4.000000
314	4.000000
315	4.000000
316	4.000000
317	4.000000
318	4.000000
319	4.000000
320	4.000000
321	4.000000
322	4.000000
323	4.000000
324	4.000000
325	4.000000
326	4.000000
327	4.000000
328	4.000000
329	4.000000
330	4.000000
331	4.000000
332	4.000000
333	4.000000
334	4.000000
335	4.000000
336	4.000000
337	4.000000
338	4.000000
339	4.000000
340	4.000000
341	4.000000
342	4.000000
343	4.000000
344	4.000000
345	4.000000
346	4.000000
347	4.000000
348	4.000000
349	4.000000
350	4.000000
351	4.000000
352	4.000000
353	4.000000
354	4.000000
355	4.000000
356	4.000000
357	4.000000
358	4.000000
359	4.000000
360	4.000000
361	4.000000
362	4.000000
363	4.000000
364	4.000000
365	4.000000
366	4.000000
367	4.000000
368	4.000000
369	4.000000
370	4.000000
371	4.000000
372	4.000000
373	4.000000
374	4.000000
375	4.000000
376	4.000000
377	4.000000
378	4.000000
379	4.000000
380	4.000000
381	4.000000
382	4.000000
383	4.000000
384	4.000000
385	4.000000
386	4.000000
387	4.000000
388	4.000000
389	4.000000
390	4.000000
391	4.000000
392	4.000000
393	4.000000
394	4.000000
395	4.000000
396	4.000000
397	4.000000
398	4.000000
399	4.000000
400	4.000000
401	4.000000
402	4.000000
403	4.000000
404	4.000000
405	4.000000
406	4.000000
407	4.000000
408	4.000000
409	4.000000
410	4.000000
411	4.000000
412	4.000000
413	4.000000
414	4.000000
415	4.000000
416	4.000000
417	4.000000
418	4.000000
419	4.000000
420	4.000000
421	4.000000
422	4.000000
423	4.000000
424	4.000000
425	4.000000
426	4.000000
427	4.000000
428	4.000000
429	4.000000
430	4.000000
431	4.000000
432	4.000000
433	4.000000
434	4.000000
435	4.000000
436	4.000000
437	4.000000
438	4.000000
439	4.000000
440	4.000000
441	4.000000
442	4.000000
443	4.000000
444	4.000000
445	4.000000
446	4.000000
447	4.000000
448	4.000000
449	4.000000
450	4.000000
451	4.000000
452	4.000000
453	4.000000
454	4.000000
455	4.000000
456	4.000000
457	4.000000
458	4.000000
459	4.000000
460	4.000000
461	4.000000
462	4.000000
463	4.000000
464	4.000000
465	4.000000
466	4.000000
467	4.000000
468	4.000000
469	4.000000
470	4.000000
471	4.000000
472	4.000000
473	4.000000
474	4.000000
475	4.000000
476	4.000000
477	4.000000
478	4.000000
479	4.000000
480	4.000000
481	4.000000
482	4.000000
483	4.000000
484	4.000000
485	4.000000
486	4.000000
487	4.000000
488	4.000000
489	4.000000
490	4.000000
491	4.000000
492	4.000000
493	4.000000
494	4.000000
495	4.000000
496	4.000000
497	4.000000
498	4.000000
499	4.000000
500	4.000000
501	20.550000
502	20.550000
503	20.550000
504	20.550000
505	20.550000
506	20.550000
507	20.550000
508	20.550000
509	20.550000
510	20.550000
511	20.550000
512	20.550000
513	20.550000
514	20.550000
515	20.550000
516	20.550000
517	20.550000
518	20.550000
519	20.550000
520	20.550000
521	20.550000
522	20.550000
523	20.550000
524	20.550000
525	20.550000
526	20.550000
527	20.550000
528	20.550000
529	20.550000
530	20.550000
531	20.550000
532	20.550000
533	20.550000
534	20.550000
535	20.550000
536	20.550000
537	20.550000
538	20.550000
539	20.550000
540	20.550000
541	20.550000
542	20.550000
543	20.550000
544	20.550000
545	20.550000
546	20.550000
547	20.550000
548	20.550000
549	20.550000
550	20.550000
551	20.550000
552	20.550000
553	20.550000
554	20.550000
555	20.550000
556	20.550000
557	20.550000
558	20.550000
559	20.550000
560	20.550000
561	20.550000
562	20.550000
563	20.550000
564	20.550000
565	20.550000
566	20.550000
567	20.550000
568	20.550000
569	20.550000
570	20.550000
571	20.550000
572	20.550000
573	20.550000
574	20.550000
575	20.550000
576	20.550000
577	20.550000
578	20.550000
579	20.550000
580	20.550000
581	20.550000
582	20.550000
583	20.550000
584	20.550000
585	20.550000
586	20.550000
587	20.550000
588	20.550000
589	20.550000
590	20.550000
591	20.550000
592	20.550000
593	20.550000
594	20.550000
595	20.550000
596	20.550000
597	20.550000
598	20.550000
599	20.550000
600	20.550000
601	17.250000
602	17.250000
603	17.250000
604	17.250000
605	17.250000
606	17.250000
607	17.250000
608	17.250000
609	17.250000
610	17.250000
611	17.250000
612	17.250000
613	17.250000
614	17.250000
615	17.250000
616	17.250000
617	17.250000
618	17.250000
619	17.250000
620	17.250000
621	17.250000
622	17.250000
623	17.250000
624	17.250000
625	17.250000
626	17.250000
627	17.250000
628	17.250000
629	17.250000
630	17.250000
631	17.250000
632	17.250000
633	17.250000
634	17.250000
635	17.250000
636	17.250000
637	17.250000
638	17.250000
639	17.250000
640	17.250000
641	17.250000
642	17.250000
643	17.250000
644	17.250000
645	17.250000
646	17.250000
647	17.250000
648	17.250000
649	17.250000
650	17.250000
651	16.170000
652	16.170000
653	16.170000
654	16.170000
655	16.170000
656	16.170000
657	16.170000
658	16.170000
659	16.170000
660	16.170000
661	16.170000
662	16.170000
663	16.170000
664	16.170000
665	16.170000
666	16.170000
667	16.170000
668	16.170000
669	16.170000
670	16.170000
671	16.170000
672	16.170000
673	16.170000
674	16.170000
675	16.170000
676	16.170000
677	16.170000
678	16.170000
679	16.170000
680	16.170000
681	16.170000
682	16.170000
683	16.170000
684	16.170000
685	16.170000
686	16.170000
687	16.170000
688	16.170000
689	16.170000
690	16.170000
691	16.170000
692	16.170000
693	16.170000
694	16.170000
695	16.170000
696	16.170000
697	16.170000
698	16.170000
699	16.170000
700	16.170000
701	24.033333
702	24.033333
703	24.033333
704	24.033333
705	24.033333
706	24.033333
707	24.033333
708	24.033333
709	24.033333
710	24.033333
711	24.033333
712	24.033333
713	24.033333
714	24.033333
715	24.033333
716	24.033333
717	24.033333
718	24.033333
719	24.033333
720	24.033333
721	24.033333
722	24.033333
723	24.033333
724	24.033333
725	24.033333
726	24.233333
727	24.233333
728	24.233333
729	24.233333
730	24.233333
731	24.233333
732	24.233333
733	24.233333
734	24.233333
735	24.233333
736	24.233333
737	24.233333
738	24.233333
739	24.233333
740	24.233333
741	24.233333
742	24.233333
743	24.233333
744	24.233333
745	24.233333
746	24.233333
747	24.233333
748	24.233333
749	24.233333
750	24.233333
751	24.620000
752	24.620000
753	24.620000
754	24.620000
755	24.620000
756	24.620000
757	24.620000
758	24.620000
759	24.620000
760	24.620000
761	24.620000
762	24.620000
763	24.620000
764	24.620000
765	24.620000
766	24.620000
767	24.620000
768	24.620000
769	24.620000
770	24.620000
771	24.620000
772	24.620000
773	24.620000
774	24.620000
775	24.620000
776	24.620000
777	24.620000
778	24.620000
779	24.620000
780	24.620000
781	24.620000
782	24.620000
783	24.620000
784	24.620000
785	24.220000
786	24.220000
787	24.220000
788	24.220000
789	24.220000
790	24.220000
791	24.220000
792	24.220000
793	24.220000
794	24.220000
795	24.220000
796	24.220000
797	24.220000
798	24.220000
799	24.220000
800	24.220000
801	25.870000
802	25.870000
803	25.870000
804	25.870000
805	25.870000
806	25.870000
807	25.870000
808	25.870000
809	25.870000
810	25.870000
811	25.870000
812	25.870000
813	25.870000
814	25.870000
815	25.870000
816	25.870000
817	25.870000
818	25.870000
819	25.870000
820	25.870000
821	25.870000
822	25.870000
823	25.870000
824	25.870000
825	25.870000
826	25.870000
827	25.870000
828	25.870000
829	25.870000
830	25.870000
831	25.870000
832	25.870000
833	25.870000
834	25.870000
835	25.870000
836	25.870000
837	25.870000
838	25.870000
839	25.870000
840	25.870000
841	25.870000
842	25.870000
843	25.870000
844	25.870000
845	25.870000
846	25.870000
847	25.870000
848	25.870000
849	25.870000
850	25.870000
851	26.570000
852	26.570000
853	26.570000
854	26.570000
855	26.570000
856	26.570000
857	26.570000
858	26.570000
859	26.570000
860	26.570000
861	26.570000
862	26.570000
863	26.570000
864	26.570000
865	26.570000
866	26.570000
867	26.570000
868	27.290000
869	27.290000
870	27.290000
871	27.290000
872	27.290000
873	27.290000
874	27.290000
875	27.290000
876	27.290000
877	27.290000
878	27.290000
879	27.290000
880	27.290000
881	27.290000
882	27.290000
883	27.290000
884	27.290000
885	27.290000
886	27.290000
887	27.290000
888	27.290000
889	27.290000
890	27.290000
891	27.290000
892	27.290000
893	27.290000
894	27.290000
895	27.290000
896	27.290000
897	27.290000
898	27.290000
899	27.290000
900	27.290000
901	30.590000
902	30.590000
903	30.590000
904	30.590000
905	30.590000
906	30.590000
907	30.590000
908	30.590000
909	30.590000
910	30.590000
911	30.590000
912	30.590000
913	30.590000
914	30.590000
915	30.590000
916	30.590000
917	30.590000
918	30.590000
919	30.590000
920	30.590000
921	31.090000
922	31.090000
923	31.090000
924	31.090000
925	31.090000
926	31.090000
927	31.090000
928	31.090000
929	31.090000
930	31.090000
931	31.090000
932	31.090000
933	31.090000
934	31.090000
935	31.090000
936	31.090000
937	31.090000
938	31.090000
939	31.090000
940	31.090000
941	31.090000
942	31.090000
943	31.090000
944	31.090000
945	31.090000
946	31.090000
947	31.090000
948	31.090000
949	31.090000
950	31.090000
951	31.090000
952	34.156667
953	34.156667
954	34.156667
955	34.156667
956	34.156667
957	34.156667
958	34.156667
959	34.156667
960	34.156667
961	34.156667
962	34.156667
963	34.156667
964	34.156667
965	34.156667
966	34.156667
967	34.156667
968	34.156667
969	34.156667
970	34.156667
971	34.156667
972	34.156667
973	34.156667
974	34.156667
975	34.156667
976	34.156667
977	34.156667
978	34.156667
979	34.156667
980	34.156667
981	34.156667
982	34.156667
983	34.156667
984	34.156667
985	34.156667
986	34.156667
987	34.156667
988	34.156667
989	34.156667
990	34.156667
991	35.023333
992	35.023333
993	35.023333
994	35.023333
995	35.023333
996	35.023333
997	35.023333
998	35.023333
999	35.023333
1000	35.023333
1001	35.023333
1002	35.690000
1003	35.690000
1004	35.690000
1005	35.690000
1006	35.690000
1007	35.690000
1008	35.690000
1009	35.690000
1010	35.690000
1011	35.690000
1012	35.690000
1013	35.690000
1014	35.690000
1015	35.690000
1016	35.690000
1017	35.690000
1018	35.690000
1019	35.690000
1020	35.690000
1021	35.690000
1022	35.690000
1023	35.690000
1024	35.690000
1025	35.690000
1026	35.690000
1027	35.690000
1028	35.690000
1029	35.690000
1030	35.690000
1031	35.690000
1032	37.023333
1033	37.023333
1034	37.023333
1035	37.773333
1036	37.773333
1037	37.773333
1038	37.773333
1039	37.773333
1040	37.773333
1041	37.773333
1042	37.773333
1043	37.773333
1044	37.773333
1045	37.773333
1046	37.773333
1047	37.773333
1048	37.773333
1049	37.773333
1050	37.773333
1051	38.040000
1052	38.040000
1053	38.040000
1054	38.040000
1055	38.040000
1056	38.040000
1057	38.040000
1058	38.040000
1059	38.040000
1060	38.040000
1061	38.040000
1062	38.040000
1063	38.040000
1064	38.040000
1065	38.040000
1066	38.040000
1067	38.040000
1068	38.040000
1069	38.040000
1070	38.040000
1071	38.040000
1072	38.040000
1073	38.040000
1074	38.040000
1075	38.040000
1076	38.040000
1077	38.040000
1078	38.040000
1079	38.040000
1080	38.040000
1081	38.040000
1082	38.040000
1083	38.040000
1084	38.040000
1085	38.040000
1086	38.040000
1087	38.040000
1088	36.840000
1089	36.840000
1090	36.840000
1091	36.840000
1092	36.840000
1093	36.840000
1094	36.840000
1095	36.840000
1096	36.840000
1097	36.840000
1098	36.840000
1099	36.840000
1100	36.840000
1101	38.020000
1102	38.020000
1103	38.020000
1104	38.020000
1105	38.020000
1106	38.020000
1107	38.020000
1108	38.020000
1109	38.020000
1110	38.020000
1111	38.020000
1112	38.020000
1113	38.020000
1114	38.020000
1115	38.020000
1116	38.020000
1117	38.020000
1118	38.420000
1119	38.420000
1120	38.420000
1121	38.420000
1122	38.420000
1123	38.420000
1124	38.420000
1125	38.420000
1126	38.420000
1127	38.420000
1128	38.420000
1129	38.420000
1130	38.420000
1131	38.420000
1132	38.420000
1133	38.420000
1134	38.420000
1135	38.420000
1136	38.420000
1137	38.420000
1138	38.420000
1139	38.420000
1140	38.420000
1141	38.420000
1142	38.420000
1143	37.220000
1144	37.220000
1145	37.220000
1146	37.220000
1147	37.220000
1148	37.220000
1149	37.220000
1150	37.220000
1151	35.220000
1152	35.220000
1153	35.220000
1154	35.220000
1155	35.220000
1156	35.220000
1157	35.220000
1158	35.220000
1159	35.220000
1160	35.220000
1161	35.220000
1162	35.220000
1163	35.220000
1164	35.220000
1165	35.220000
1166	35.220000
1167	35.220000
1168	36.720000
1169	36.720000
1170	36.720000
1171	35.720000
1172	35.720000
1173	35.720000
1174	35.720000
1175	35.720000
1176	35.720000
1177	35.720000
1178	35.720000
1179	35.720000
1180	35.720000
1181	35.720000
1182	35.720000
1183	35.720000
1184	35.720000
1185	35.720000
1186	35.720000
1187	35.720000
1188	35.720000
1189	35.720000
1190	35.720000
1191	35.720000
1192	35.720000
1193	35.720000
1194	35.720000
1195	35.720000
1196	35.720000
1197	35.720000
1198	35.720000
1199	35.720000
1200	35.720000
1201	32.640000
1202	32.640000
1203	32.640000
1204	32.640000
1205	32.640000
1206	32.640000
1207	32.640000
1208	32.640000
1209	32.640000
1210	32.640000
1211	32.640000
1212	32.640000
1213	32.640000
1214	32.640000
1215	32.640000
1216	32.640000
1217	32.640000
1218	31.440000
1219	31.440000
1220	31.440000
1221	31.440000
1222	31.440000
1223	31.440000
1224	31.440000
1225	31.440000
1226	31.440000
1227	31.440000
1228	31.440000
1229	31.440000
1230	31.440000
1231	31.440000
1232	31.440000
1233	31.440000
1234	31.440000
1235	31.440000
1236	31.440000
1237	31.440000
1238	31.440000
1239	31.440000
1240	31.440000
1241	31.440000
1242	31.440000
1243	31.440000
1244	31.440000
1245	31.440000
1246	31.440000
1247	31.440000
1248	31.440000
1249	31.440000
1250	31.440000
1251	31.240000
1252	31.240000
1253	31.240000
1254	31.240000
1255	31.240000
1256	31.240000
1257	31.240000
1258	31.240000
1259	31.240000
1260	31.240000
1261	31.240000
1262	31.240000
1263	31.240000
1264	31.240000
1265	31.240000
1266	31.240000
1267	31.240000
1268	30.040000
1269	30.040000
1270	30.040000
1271	30.040000
1272	30.040000
1273	30.040000
1274	30.040000
1275	30.040000
1276	30.040000
1277	30.040000
1278	30.040000
1279	30.040000
1280	30.040000
1281	30.040000
1282	30.040000
1283	30.040000
1284	30.040000
1285	28.440000
1286	28.440000
1287	28.440000
1288	28.440000
1289	28.440000
1290	28.440000
1291	28.440000
1292	28.440000
1293	27.440000
1294	27.440000
1295	27.440000
1296	27.440000
1297	27.440000
1298	27.440000
1299	27.440000
1300	27.440000
1301	28.800000
1302	28.800000
1303	28.800000
1304	28.800000
1305	28.800000
1306	28.800000
1307	28.800000
1308	28.800000
1309	28.800000
1310	28.800000
1311	28.800000
1312	28.800000
1313	28.200000
1314	28.200000
1315	28.200000
1316	28.200000
1317	28.200000
1318	27.000000
1319	27.000000
1320	27.000000
1321	27.000000
1322	27.000000
1323	27.000000
1324	27.000000
1325	27.000000
1326	27.000000
1327	27.000000
1328	27.000000
1329	27.000000
1330	27.000000
1331	27.000000
1332	27.000000
1333	27.000000
1334	27.000000
1335	27.000000
1336	27.000000
1337	27.000000
1338	27.000000
1339	27.000000
1340	27.000000
1341	27.000000
1342	27.000000
1343	27.000000
1344	27.000000
1345	27.000000
1346	27.000000
1347	27.000000
1348	25.800000
1349	25.800000
1350	25.800000
1351	25.800000
1352	25.800000
1353	25.800000
1354	25.800000
1355	25.800000
1356	25.800000
1357	25.800000
1358	25.800000
1359	25.800000
1360	25.800000
1361	25.800000
1362	25.800000
1363	25.800000
1364	25.800000
1365	25.800000
1366	25.800000
1367	25.800000
1368	24.200000
1369	21.800000
1370	21.800000
1371	21.800000
1372	21.800000
1373	21.800000
1374	21.800000
1375	21.800000
1376	21.800000
1377	21.800000
1378	21.800000
1379	21.800000
1380	21.800000
1381	21.800000
1382	21.800000
1383	21.800000
1384	21.800000
1385	21.800000
1386	21.800000
1387	21.800000
1388	21.800000
1389	21.800000
1390	21.800000
1391	21.800000
1392	21.800000
1393	21.800000
1394	21.800000
1395	21.800000
1396	21.800000
1397	21.800000
1398	21.800000
1399	21.800000
1400	21.800000
1401	17.400000
1402	17.400000
1403	17.400000
1404	17.400000
1405	17.400000
1406	17.400000
1407	17.400000
1408	16.200000
1409	16.200000
1410	16.200000
1411	16.200000
1412	16.200000
1413	16.200000
1414	16.200000
1415	16.200000
1416	16.200000
1417	16.200000
1418	16.200000
1419	16.200000
1420	16.200000
1421	16.200000
1422	16.200000
1423	16.200000
1424	16.200000
1425	16.200000
1426	16.200000
1427	16.200000
1428	16.200000
1429	16.200000
1430	16.200000
1431	16.200000
1432	16.200000
1433	16.200000
1434	16.200000
1435	16.200000
1436	16.200000
1437	16.200000
1438	16.200000
1439	16.200000
1440	16.200000
1441	16.200000
1442	16.200000
1443	16.200000
1444	16.200000
1445	16.200000
1446	16.200000
1447	16.200000
1448	16.200000
1449	16.200000
1450	16.200000
1451	16.200000
1452	15.200000
1453	15.200000
1454	15.200000
1455	15.200000
1456	15.200000
1457	15.200000
1458	14.000000
1459	14.000000
1460	14.000000
1461	14.000000
1462	14.000000
1463	14.000000
1464	14.000000
1465	14.000000
1466	14.000000
1467	14.000000
1468	14.000000
1469	14.000000
1470	14.000000
1471	14.000000
1472	14.000000
1473	14.000000
1474	14.000000
1475	14.000000
1476	14.000000
1477	14.000000
1478	14.000000
1479	14.000000
1480	14.000000
1481	14.000000
1482	14.000000
1483	14.000000
1484	14.000000
1485	13.400000
1486	13.400000
1487	13.400000
1488	13.400000
1489	13.400000
1490	13.400000
1491	13.400000
1492	12.400000
1493	12.400000
1494	12.400000
1495	12.400000
1496	12.400000
1497	12.400000
1498	12.400000
1499	12.400000
1500	12.400000
1501	12.800000
1502	11.800000
1503	11.800000
1504	11.800000
1505	11.800000
1506	11.800000
1507	11.800000
1508	11.800000
1509	11.800000
1510	11.800000
1511	11.800000
1512	11.800000
1513	11.800000
1514	11.800000
1515	11.800000
1516	11.800000
1517	11.800000
1518	11.800000
1519	11.800000
1520	11.800000
1521	11.800000
1522	11.800000
1523	11.800000
1524	11.800000
1525	11.800000
1526	11.800000
1527	11.800000
1528	11.800000
1529	11.800000
1530	11.800000
1531	11.800000
1532	10.800000
1533	10.800000
1534	10.800000
1535	9.800000
1536	9.800000
1537	9.800000
1538	9.800000
1539	9.800000
1540	9.800000
1541	9.800000
1542	9.800000
1543	9.800000
1544	9.800000
1545	9.800000
1546	9.800000
1547	9.800000
1548	9.800000
1549	9.800000
1550	9.800000
1551	9.800000
1552	9.800000
1553	9.800000
1554	9.800000
1555	9.800000
1556	9.800000
1557	9.800000
1558	9.800000
1559	9.800000
1560	9.800000
1561	9.800000
1562	9.800000
1563	9.800000
1564	9.800000
1565	9.800000
1566	9.800000
1567	9.800000
1568	9.800000
1569	9.800000
1570	9.800000
1571	9.800000
1572	8.800000
1573	8.800000
1574	8.800000
1575	8.800000
1576	8.800000
1577	8.800000
1578	8.800000
1579	8.800000
1580	8.800000
1581	8.800000
1582	8.800000
1583	8.800000
1584	8.800000
1585	8.800000
1586	8.800000
1587	8.800000
1588	8.800000
1589	8.800000
1590	8.800000
1591	8.800000
1592	8.800000
1593	8.800000
1594	8.800000
1595	8.800000
1596	8.800000
1597	8.800000
1598	8.800000
1599	8.800000
1600	8.800000
1601	7.800000
1602	7.800000
1603	7.800000
1604	7.800000
1605	7.800000
1606	7.800000
1607	7.800000
1608	7.800000
1609	7.800000
1610	7.800000
1611	7.800000
1612	7.800000
1613	7.800000
1614	7.800000
1615	7.800000
1616	7.800000
1617	7.800000
1618	7.800000
1619	7.200000
1620	7.200000
1621	7.200000
1622	7.200000
1623	7.200000
1624	7.200000
1625	7.200000
1626	7.200000
1627	7.200000
1628	7.200000
1629	7.200000
1630	7.200000
1631	7.200000
1632	7.200000
1633	7.200000
1634	7.200000
1635	5.400000
1636	5.400000
1637	5.400000
1638	5.400000
1639	5.400000
1640	5.400000
1641	5.400000
1642	5.400000
1643	5.400000
1644	5.400000
1645	5.400000
1646	5.400000
1647	5.400000
1648	5.400000
1649	5.400000
1650	5.400000
1651	5.400000
1652	5.400000
1653	5.400000
1654	5.400000
1655	5.400000
1656	5.400000
1657	5.400000
1658	5.400000
1659	5.400000
1660	5.400000
1661	5.400000
1662	5.400000
1663	5.400000
1664	5.400000
1665	5.400000
1666	5.400000
1667	5.400000
1668	3.400000
1669	3.400000
1670	3.400000
1671	3.400000
1672	3.400000
1673	3.400000
1674	3.400000
1675	3.400000
1676	3.400000
1677	3.400000
1678	3.400000
1679	3.400000
1680	3.400000
1681	3.400000
1682	3.400000
1683	3.400000
1684	3.400000
1685	3.400000
1686	3.400000
1687	3.400000
1688	3.400000
1689	3.400000
1690	3.400000
1691	3.400000
1692	3.400000
1693	3.400000
1694	3.400000
1695	3.400000
1696	3.400000
1697	3.400000
1698	3.400000
1699	3.400000
1700	3.400000
1701	3.400000
1702	3.400000
1703	3.400000
1704	3.400000
1705	3.400000
1706	3.400000
1707	3.400000
1708	3.400000
1709	3.400000
1710	3.400000
1711	3.400000
1712	3.400000
1713	3.400000
1714	3.400000
1715	3.400000
1716	3.400000
1717	3.400000
1718	3.400000
1719	3.400000
1720	3.400000
1721	3.400000
1722	3.400000
1723	3.400000
1724	3.400000
1725	3.400000
1726	3.400000
1727	3.400000
1728	3.400000
1729	3.400000
1730	3.400000
1731	3.400000
1732	3.400000
1733	3.400000
1734	3.400000
1735	2.800000
1736	2.800000
1737	2.800000
1738	2.800000
1739	2.800000
1740	2.800000
1741	2.800000
1742	2.800000
1743	2.800000
1744	2.800000
1745	2.800000
1746	2.800000
1747	2.800000
1748	2.800000
1749	2.800000
1750	2.800000
1751	1.800000
1752	1.800000
1753	1.800000
1754	1.800000
1755	1.800000
1756	1.800000
1757	1.800000
1758	1.800000
1759	1.800000
1760	1.800000
1761	1.800000
1762	1.800000
1763	1.800000
1764	1.800000
1765	1.800000
1766	1.800000
1767	1.800000
1768	1.800000
1769	1.800000
1770	1.800000
1771	1.800000
1772	1.800000
1773	1.800000
1774	1.800000
1775	1.800000
1776	1.800000
1777	1.800000
1778	1.800000
1779	1.800000
1780	1.800000
1781	1.800000
1782	1.800000
1783	1.800000
1784	1.800000
1785	1.800000
1786	1.800000
1787	1.800000
1788	1.800000
1789	1.800000
1790	1.800000
1791	1.800000
1792	1.800000
1793	1.800000
1794	1.800000
1795	1.800000
1796	1.800000
1797	1.800000
1798	1.800000
1799	1.800000
1800	1.800000
1801	1.800000
1802	1.800000
1803	1.800000
1804	1.800000
1805	1.800000
1806	1.800000
1807	1.800000
1808	1.800000
1809	1.800000
1810	1.800000
1811	1.800000
1812	1.800000
1813	1.800000
1814	1.800000
1815	1.800000
1816	1.800000
1817	1.800000
1818	1.800000
1819	1.800000
1820	1.800000
1821	1.800000
1822	1.800000
1823	1.800000
1824	1.800000
1825	1.800000
1826	1.800000
1827	1.800000
1828	1.800000
1829	1.800000
1830	1.800000
1831	1.800000
1832	1.800000
1833	1.800000
1834	1.800000
1835	1.800000
1836	1.800000
1837	1.800000
1838	1.800000
1839	1.800000
1840	1.800000
1841	1.800000
1842	1.800000
1843	1.800000
1844	1.800000
1845	1.800000
1846	1.800000
1847	1.800000
1848	1.800000
1849	1.800000
1850	1.800000
1851	1.800000
1852	1.800000
1853	1.800000
1854	1.800000
1855	1.800000
1856	1.800000
1857	1.800000
1858	1.800000
1859	1.800000
1860	1.800000
1861	1.800000
1862	1.800000
1863	1.800000
1864	1.800000
1865	1.800000
1866	1.800000
1867	1.800000
1868	1.800000
1869	1.800000
1870	1.800000
1871	1.800000
1872	1.800000
1873	1.800000
1874	1.800000
1875	1.800000
1876	1.800000
1877	1.800000
1878	1.800000
1879	1.800000
1880	1.800000
1881	1.800000
1882	1.800000
1883	1.800000
1884	1.800000
1885	1.200000
1886	1.200000
1887	1.200000
1888	1.200000
1889	1.200000
1890	1.200000
1891	1.200000
1892	1.200000
1893	1.200000
1894	1.200000
1895	1.200000
1896	1.200000
1897	1.200000
1898	1.200000
1899	1.200000
1900	1.200000
1901	1.200000
1902	1.200000
1903	1.200000
1904	1.200000
1905	1.200000
1906	1.200000
1907	1.200000
1908	1.200000
1909	1.200000
1910	1.200000
1911	1.200000
1912	1.200000
1913	1.200000
1914	1.200000
1915	1.200000
1916	1.200000
1917	1.200000
1918	1.200000
1919	1.200000
1920	1.200000
1921	1.200000
1922	1.200000
1923	1.200000
1924	1.200000
1925	1.200000
1926	1.200000
1927	1.200000
1928	1.200000
1929	1.200000
1930	1.200000
1931	1.200000
1932	1.200000
1933	1.200000
1934	1.200000
1935	0.600000
1936	0.600000
1937	0.600000
1938	0.600000
1939	0.600000
1940	0.600000
1941	0.600000
1942	0.600000
1943	0.600000
1944	0.600000
1945	0.600000
1946	0.600000
1947	0.600000
1948	0.600000
1949	0.600000
1950	0.600000
1951	0.600000
