appid: 8	waiting: 0	execution: 3210
appid: 3	waiting: 0	execution: 3598
appid: 4	waiting: 0	execution: 3762
appid: 0	waiting: 0	execution: 3824
appid: 1	waiting: 0	execution: 4106
appid: 6	waiting: 0	execution: 4302
appid: 2	waiting: 0	execution: 6229
appid: 7	waiting: 0	execution: 6566
appid: 5	waiting: 0	execution: 6870
type: 6	meanIPS: 7.569268	RT: 6871
appid: 0	waiting: 0	execution: 2831
appid: 3	waiting: 0	execution: 2831
appid: 4	waiting: 0	execution: 2834
appid: 8	waiting: 0	execution: 3051
appid: 6	waiting: 0	execution: 3613
appid: 1	waiting: 0	execution: 3828
appid: 2	waiting: 0	execution: 4540
appid: 5	waiting: 0	execution: 5083
appid: 7	waiting: 0	execution: 5212
type: 6	meanIPS: 9.976715	RT: 5213
